2021-01-13 17:30:35,914 INFO [geoserver.logging] - Suppressing StdOut logging.  If you want to see GeoServer logs, be sure to look in '/opt/imas-webapps/geoserver/logs/geoserver.log'
2021-01-13 17:30:37,756 INFO [org.geoserver] - GeoServer configuration lock is enabled
2021-01-13 17:30:37,974 INFO [org.geoserver] - Loaded style 'ACEAS_seagrass'
2021-01-13 17:30:37,974 INFO [org.geoserver] - Loaded style 'LINE_SAMPLE'
2021-01-13 17:30:37,975 INFO [org.geoserver] - Loaded style 'AU_seagrass05_POLY'
2021-01-13 17:30:37,975 INFO [org.geoserver] - Loaded style 'AU_seagrass05_PT'
2021-01-13 17:30:37,975 INFO [org.geoserver] - Loaded style 'CTD_location'
2021-01-13 17:30:37,976 INFO [org.geoserver] - Loaded style 'Huon_AMP_Seamap'
2021-01-13 17:30:37,976 INFO [org.geoserver] - Loaded style 'Huon_AMP_broadscale'
2021-01-13 17:30:37,976 INFO [org.geoserver] - Loaded style 'Huon_AMP_finescale'
2021-01-13 17:30:37,977 INFO [org.geoserver] - Loaded style 'Niskin_sample_green'
2021-01-13 17:30:37,977 INFO [org.geoserver] - Loaded style 'Niskin_sample_pink'
2021-01-13 17:30:37,982 INFO [org.geoserver] - Loaded style 'SeaAroundUs_FishAbundance'
2021-01-13 17:30:37,989 INFO [org.geoserver] - Loaded style 'cite_lakes'
2021-01-13 17:30:37,990 INFO [org.geoserver] - Loaded style 'cwt_logger_site'
2021-01-13 17:30:37,990 INFO [org.geoserver] - Loaded style 'dem'
2021-01-13 17:30:37,990 INFO [org.geoserver] - Loaded style 'generic'
2021-01-13 17:30:37,991 INFO [org.geoserver] - Loaded style 'giant_polygon'
2021-01-13 17:30:37,991 INFO [org.geoserver] - Loaded style 'green'
2021-01-13 17:30:37,992 INFO [org.geoserver] - Loaded style 'line'
2021-01-13 17:30:37,992 INFO [org.geoserver] - Loaded style 'line_aqua'
2021-01-13 17:30:37,992 INFO [org.geoserver] - Loaded style 'line_orange'
2021-01-13 17:30:37,997 INFO [org.geoserver] - Loaded style 'line_pink'
2021-01-13 17:30:37,997 INFO [org.geoserver] - Loaded style 'line_purple'
2021-01-13 17:30:37,997 INFO [org.geoserver] - Loaded style 'marine_plastics'
2021-01-13 17:30:37,998 INFO [org.geoserver] - Loaded style 'pin_red'
2021-01-13 17:30:37,998 INFO [org.geoserver] - Loaded style 'pin_red_outfall'
2021-01-13 17:30:37,998 INFO [org.geoserver] - Loaded style 'poi_dredge'
2021-01-13 17:30:37,998 INFO [org.geoserver] - Loaded style 'point'
2021-01-13 17:30:37,998 INFO [org.geoserver] - Loaded style 'point_green_circle_HARVEST'
2021-01-13 17:30:37,999 INFO [org.geoserver] - Loaded style 'point_green_circle_LOCATION'
2021-01-13 17:30:37,999 INFO [org.geoserver] - Loaded style 'point_green_circle_OBSERVATION'
2021-01-13 17:30:37,999 INFO [org.geoserver] - Loaded style 'point_orange_circle_OBSERVATION'
2021-01-13 17:30:37,999 INFO [org.geoserver] - Loaded style 'point_orange_circle_SAMPLE'
2021-01-13 17:30:38,000 INFO [org.geoserver] - Loaded style 'point_purple_circle_LOCATION'
2021-01-13 17:30:38,000 INFO [org.geoserver] - Loaded style 'point_purple_square_OBSERVATION'
2021-01-13 17:30:38,000 INFO [org.geoserver] - Loaded style 'point_purple_star_SAMPLE'
2021-01-13 17:30:38,000 INFO [org.geoserver] - Loaded style 'poly_landmarks'
2021-01-13 17:30:38,001 INFO [org.geoserver] - Loaded style 'polygon'
2021-01-13 17:30:38,001 INFO [org.geoserver] - Loaded style 'pophatch (maths operators)'
2021-01-13 17:30:38,001 INFO [org.geoserver] - Loaded style 'population (maths operators)'
2021-01-13 17:30:38,001 INFO [org.geoserver] - Loaded style 'rain (raster example)'
2021-01-13 17:30:38,001 INFO [org.geoserver] - Loaded style 'raster'
2021-01-13 17:30:38,002 INFO [org.geoserver] - Loaded style 'restricted'
2021-01-13 17:30:38,002 INFO [org.geoserver] - Loaded style 'seamap_habitats_full'
2021-01-13 17:30:38,002 INFO [org.geoserver] - Loaded style 'seamap_habitats_reduced'
2021-01-13 17:30:38,002 INFO [org.geoserver] - Loaded style 'simple_roads'
2021-01-13 17:30:38,002 INFO [org.geoserver] - Loaded style 'simple_streams'
2021-01-13 17:30:38,003 INFO [org.geoserver] - Loaded style 'soop_co2_tracks'
2021-01-13 17:30:38,003 INFO [org.geoserver] - Loaded style 'square_blue_LOCATION'
2021-01-13 17:30:38,003 INFO [org.geoserver] - Loaded style 'square_red_LOCATION'
2021-01-13 17:30:38,004 INFO [org.geoserver] - Loaded default workspace imas
2021-01-13 17:30:38,014 INFO [org.geoserver] - Loaded workspace 'NESP'
2021-01-13 17:30:38,019 INFO [org.geoserver] - Loaded style 'A8_SeaSnake_habitat'
2021-01-13 17:30:38,020 INFO [org.geoserver] - Loaded style 'D3_Tier1'
2021-01-13 17:30:38,020 INFO [org.geoserver] - Loaded style 'D3_Tier2'
2021-01-13 17:30:38,020 INFO [org.geoserver] - Loaded style 'D3_Tier3'
2021-01-13 17:30:38,021 INFO [org.geoserver] - Loaded style 'D3_Tier4'
2021-01-13 17:30:38,021 INFO [org.geoserver] - Loaded style 'EP2_AerialSurvey'
2021-01-13 17:30:38,021 INFO [org.geoserver] - Loaded style 'NESP_A1_elasmo_db'
2021-01-13 17:30:38,022 INFO [org.geoserver] - Loaded style 'NESP_D1_OS_PelagicAbundance'
2021-01-13 17:30:38,022 INFO [org.geoserver] - Loaded style 'NESP_D1_OS_PelagicAbundance_fine'
2021-01-13 17:30:38,022 INFO [org.geoserver] - Loaded style 'NESP_D1_OS_PelagicDiversity'
2021-01-13 17:30:38,022 INFO [org.geoserver] - Loaded style 'NESP_D1_OS_PelagicDiversity_fine'
2021-01-13 17:30:38,023 INFO [org.geoserver] - Loaded style 'NESP_Ingleton_SolitarySouth'
2021-01-13 17:30:38,023 INFO [org.geoserver] - Loaded style 'raster_CoralSea_seamounts_geomorph'
2021-01-13 17:30:38,024 INFO [org.geoserver] - Loaded style 'raster_CoralSea_seamounts_surface'
2021-01-13 17:30:38,024 INFO [org.geoserver] - Loaded style 'NESP_D1_NW_demersalfish'
2021-01-13 17:30:38,025 INFO [org.geoserver] - Loaded workspace 'rls'
2021-01-13 17:30:38,027 INFO [org.geoserver] - Loaded style 'rls_reef_fish_map'
2021-01-13 17:30:38,027 INFO [org.geoserver] - Loaded style 'rls_site_point'
2021-01-13 17:30:38,028 INFO [org.geoserver] - Loaded workspace 'seamap'
2021-01-13 17:30:38,036 INFO [org.geoserver] - Loaded style 'AMP_2018_MAP'
2021-01-13 17:30:38,037 INFO [org.geoserver] - Loaded style 'AMP_2018_NETWORKS'
2021-01-13 17:30:38,037 INFO [org.geoserver] - Loaded style 'AMP_2018_NETWORKS_v2'
2021-01-13 17:30:38,037 INFO [org.geoserver] - Loaded style 'AMP_2018_RESERVES'
2021-01-13 17:30:38,037 INFO [org.geoserver] - Loaded style 'AMP_2018_ZONES'
2021-01-13 17:30:38,038 INFO [org.geoserver] - Loaded style 'AMP_2018_ZONE_X_NET'
2021-01-13 17:30:38,038 INFO [org.geoserver] - Loaded style 'AMP_2018_ZONE_X_RES'
2021-01-13 17:30:38,038 INFO [org.geoserver] - Loaded style 'CAPAD_IUCN'
2021-01-13 17:30:38,038 INFO [org.geoserver] - Loaded style 'CAPAD_IUCN_MAP'
2021-01-13 17:30:38,039 INFO [org.geoserver] - Loaded style 'CAPAD_type'
2021-01-13 17:30:38,039 INFO [org.geoserver] - Loaded style 'Ecological_Disturbance_Index'
2021-01-13 17:30:38,039 INFO [org.geoserver] - Loaded style 'SeamapAus_CMRs'
2021-01-13 17:30:38,039 INFO [org.geoserver] - Loaded style 'SeamapAus_CoastalCompartments_1'
2021-01-13 17:30:38,040 INFO [org.geoserver] - Loaded style 'SeamapAus_CoastalCompartments_2'
2021-01-13 17:30:38,040 INFO [org.geoserver] - Loaded style 'SeamapAus_FINAL'
2021-01-13 17:30:38,040 INFO [org.geoserver] - Loaded style 'SeamapAus_IMCRA_full'
2021-01-13 17:30:38,040 INFO [org.geoserver] - Loaded style 'SeamapAus_IMCRA_prov'
2021-01-13 17:30:38,041 INFO [org.geoserver] - Loaded style 'SeamapAus_MEOW_custom'
2021-01-13 17:30:38,041 INFO [org.geoserver] - Loaded style 'SeamapAus_MEOW_full'
2021-01-13 17:30:38,041 INFO [org.geoserver] - Loaded style 'SeamapAus_NAT_Aus_margin_geomorph'
2021-01-13 17:30:38,041 INFO [org.geoserver] - Loaded style 'SeamapAus_NAT_CAMRIS_benthic_substrate'
2021-01-13 17:30:38,042 INFO [org.geoserver] - Loaded style 'SeamapAus_NAT_CoastalGeomorph_Smartline'
2021-01-13 17:30:38,042 INFO [org.geoserver] - Loaded style 'SeamapAus_NAT_CoastalGeomorph_eco'
2021-01-13 17:30:38,042 INFO [org.geoserver] - Loaded style 'SeamapAus_NAT_CoastalGeomorph_substrate'
2021-01-13 17:30:38,042 INFO [org.geoserver] - Loaded style 'SeamapAus_NAT_CoastalGeomorph_surface_eco'
2021-01-13 17:30:38,042 INFO [org.geoserver] - Loaded style 'SeamapAus_NAT_CoastalWaterways_geomorphic'
2021-01-13 17:30:38,043 INFO [org.geoserver] - Loaded style 'SeamapAus_NAT_seagrass'
2021-01-13 17:30:38,043 INFO [org.geoserver] - Loaded style 'SeamapAus_NSW_2002'
2021-01-13 17:30:38,043 INFO [org.geoserver] - Loaded style 'SeamapAus_NSW_2013'
2021-01-13 17:30:38,044 INFO [org.geoserver] - Loaded style 'SeamapAus_NSW_estuarine_inventory'
2021-01-13 17:30:38,044 INFO [org.geoserver] - Loaded style 'SeamapAus_NSW_estuarine_macrophytes'
2021-01-13 17:30:38,044 INFO [org.geoserver] - Loaded style 'SeamapAus_NSW_estuary_ecosystems'
2021-01-13 17:30:38,044 INFO [org.geoserver] - Loaded style 'SeamapAus_NSW_ocean_ecosystems'
2021-01-13 17:30:38,044 INFO [org.geoserver] - Loaded style 'SeamapAus_NT_Bynoe_mangrove'
2021-01-13 17:30:38,045 INFO [org.geoserver] - Loaded style 'SeamapAus_NT_Bynoe_mangrove_MAP'
2021-01-13 17:30:38,045 INFO [org.geoserver] - Loaded style 'SeamapAus_NT_DarwinHarbour_mangrove'
2021-01-13 17:30:38,045 INFO [org.geoserver] - Loaded style 'SeamapAus_NT_DarwinHarbour_mangrove_MAP'
2021-01-13 17:30:38,045 INFO [org.geoserver] - Loaded style 'SeamapAus_NT_DarwinHarbour_seabed'
2021-01-13 17:30:38,046 INFO [org.geoserver] - Loaded style 'SeamapAus_NT_DarwinHarbour_seabed_DATA'
2021-01-13 17:30:38,046 INFO [org.geoserver] - Loaded style 'SeamapAus_NT_EastMiddleArms_communities'
2021-01-13 17:30:38,046 INFO [org.geoserver] - Loaded style 'SeamapAus_NT_EastMiddleArms_communities_MAP'
2021-01-13 17:30:38,046 INFO [org.geoserver] - Loaded style 'SeamapAus_NT_EastMiddleArms_habitats'
2021-01-13 17:30:38,047 INFO [org.geoserver] - Loaded style 'SeamapAus_NT_EastMiddleArms_habitats_MAP'
2021-01-13 17:30:38,047 INFO [org.geoserver] - Loaded style 'SeamapAus_NT_OceanicShoals'
2021-01-13 17:30:38,047 INFO [org.geoserver] - Loaded style 'SeamapAus_NT_OceanicShoals_MAP'
2021-01-13 17:30:38,047 INFO [org.geoserver] - Loaded style 'SeamapAus_NT_PetrelBasin'
2021-01-13 17:30:38,048 INFO [org.geoserver] - Loaded style 'SeamapAus_NT_PetrelBasin_MAP'
2021-01-13 17:30:38,048 INFO [org.geoserver] - Loaded style 'SeamapAus_NT_mangroves_100'
2021-01-13 17:30:38,048 INFO [org.geoserver] - Loaded style 'SeamapAus_NT_mangroves_LudmillaCreek'
2021-01-13 17:30:38,048 INFO [org.geoserver] - Loaded style 'SeamapAus_NT_mangroves_LudmillaCreek_MAP'
2021-01-13 17:30:38,049 INFO [org.geoserver] - Loaded style 'SeamapAus_NT_seagrass'
2021-01-13 17:30:38,049 INFO [org.geoserver] - Loaded style 'SeamapAus_QLD_EasternBanks_seagrassbiom'
2021-01-13 17:30:38,049 INFO [org.geoserver] - Loaded style 'SeamapAus_QLD_EasternBanks_seagrassbiom_MAP'
2021-01-13 17:30:38,050 INFO [org.geoserver] - Loaded style 'SeamapAus_QLD_EasternBanks_seagrasscov'
2021-01-13 17:30:38,050 INFO [org.geoserver] - Loaded style 'SeamapAus_QLD_EasternBanks_seagrasscov_MAP'
2021-01-13 17:30:38,050 INFO [org.geoserver] - Loaded style 'SeamapAus_QLD_EasternBanks_seagrassspec'
2021-01-13 17:30:38,050 INFO [org.geoserver] - Loaded style 'SeamapAus_QLD_EasternBanks_seagrassspec_MAP'
2021-01-13 17:30:38,051 INFO [org.geoserver] - Loaded style 'SeamapAus_QLD_GBRWHA_seagrass'
2021-01-13 17:30:38,051 INFO [org.geoserver] - Loaded style 'SeamapAus_QLD_GBR_features'
2021-01-13 17:30:38,051 INFO [org.geoserver] - Loaded style 'SeamapAus_QLD_GoldCoast_seagrass'
2021-01-13 17:30:38,051 INFO [org.geoserver] - Loaded style 'SeamapAus_QLD_GoldCoast_seagrass_MAP'
2021-01-13 17:30:38,052 INFO [org.geoserver] - Loaded style 'SeamapAus_QLD_HeronReef_benthiccomm'
2021-01-13 17:30:38,052 INFO [org.geoserver] - Loaded style 'SeamapAus_QLD_HeronReef_benthiccomm_MAP'
2021-01-13 17:30:38,052 INFO [org.geoserver] - Loaded style 'SeamapAus_QLD_HeronReef_geomorph'
2021-01-13 17:30:38,052 INFO [org.geoserver] - Loaded style 'SeamapAus_QLD_HeronReef_geomorph_MAP'
2021-01-13 17:30:38,053 INFO [org.geoserver] - Loaded style 'SeamapAus_QLD_LowIsles_seagrass'
2021-01-13 17:30:38,053 INFO [org.geoserver] - Loaded style 'SeamapAus_QLD_LowIsles_seagrass_MAP'
2021-01-13 17:30:38,053 INFO [org.geoserver] - Loaded style 'SeamapAus_QLD_MoretonBay_broadscale'
2021-01-13 17:30:38,053 INFO [org.geoserver] - Loaded style 'SeamapAus_QLD_MoretonBay_coral'
2021-01-13 17:30:38,054 INFO [org.geoserver] - Loaded style 'SeamapAus_QLD_MoretonBay_coral_MAP'
2021-01-13 17:30:38,054 INFO [org.geoserver] - Loaded style 'SeamapAus_QLD_MoretonBay_seagrass2004'
2021-01-13 17:30:38,054 INFO [org.geoserver] - Loaded style 'SeamapAus_QLD_MoretonBay_seagrass2004_MAP'
2021-01-13 17:30:38,054 INFO [org.geoserver] - Loaded style 'SeamapAus_QLD_MoretonBay_seagrass2011'
2021-01-13 17:30:38,055 INFO [org.geoserver] - Loaded style 'SeamapAus_QLD_MoretonBay_seagrass2011_MAP'
2021-01-13 17:30:38,055 INFO [org.geoserver] - Loaded style 'SeamapAus_QLD_NWTorresStrait_seagrass'
2021-01-13 17:30:38,055 INFO [org.geoserver] - Loaded style 'SeamapAus_QLD_NWTorresStrait_seagrass_MAP'
2021-01-13 17:30:38,055 INFO [org.geoserver] - Loaded style 'SeamapAus_QLD_PointLookout'
2021-01-13 17:30:38,055 INFO [org.geoserver] - Loaded style 'SeamapAus_QLD_PointLookout_MAP'
2021-01-13 17:30:38,056 INFO [org.geoserver] - Loaded style 'SeamapAus_QLD_TorresStrait_seagrass_intsub'
2021-01-13 17:30:38,056 INFO [org.geoserver] - Loaded style 'SeamapAus_QLD_coastal_wetlands'
2021-01-13 17:30:38,056 INFO [org.geoserver] - Loaded style 'SeamapAus_QLD_reefs_shoals'
2021-01-13 17:30:38,056 INFO [org.geoserver] - Loaded style 'SeamapAus_QLD_wetland'
2021-01-13 17:30:38,057 INFO [org.geoserver] - Loaded style 'SeamapAus_SA'
2021-01-13 17:30:38,057 INFO [org.geoserver] - Loaded style 'SeamapAus_TAS_Huon_geomorph'
2021-01-13 17:30:38,057 INFO [org.geoserver] - Loaded style 'SeamapAus_TAS_SeamapTas'
2021-01-13 17:30:38,057 INFO [org.geoserver] - Loaded style 'SeamapAus_TAS_TasFracture_geomorph'
2021-01-13 17:30:38,057 INFO [org.geoserver] - Loaded style 'SeamapAus_VIC_GippslandLakes'
2021-01-13 17:30:38,058 INFO [org.geoserver] - Loaded style 'SeamapAus_VIC_OpenCoast'
2021-01-13 17:30:38,058 INFO [org.geoserver] - Loaded style 'SeamapAus_VIC_PPB'
2021-01-13 17:30:38,058 INFO [org.geoserver] - Loaded style 'SeamapAus_VIC_WPB'
2021-01-13 17:30:38,058 INFO [org.geoserver] - Loaded style 'SeamapAus_WA_CockburnSound_mapping'
2021-01-13 17:30:38,059 INFO [org.geoserver] - Loaded style 'SeamapAus_WA_CockburnSound_mapping_MAP'
2021-01-13 17:30:38,059 INFO [org.geoserver] - Loaded style 'SeamapAus_WA_CockburnSound_seagrasschanges'
2021-01-13 17:30:38,059 INFO [org.geoserver] - Loaded style 'SeamapAus_WA_CockburnSound_seagrasschanges_MAP'
2021-01-13 17:30:38,059 INFO [org.geoserver] - Loaded style 'SeamapAus_WA_DPAW'
2021-01-13 17:30:38,060 INFO [org.geoserver] - Loaded style 'SeamapAus_WA_MOU74'
2021-01-13 17:30:38,060 INFO [org.geoserver] - Loaded style 'SeamapAus_WA_MOU74_MAP'
2021-01-13 17:30:38,060 INFO [org.geoserver] - Loaded style 'SeamapAus_WA_MarineFutures_biota'
2021-01-13 17:30:38,060 INFO [org.geoserver] - Loaded style 'SeamapAus_WA_MarineFutures_biota_MAP'
2021-01-13 17:30:38,061 INFO [org.geoserver] - Loaded style 'SeamapAus_WA_MarineFutures_reef'
2021-01-13 17:30:38,061 INFO [org.geoserver] - Loaded style 'SeamapAus_WA_MarineFutures_reef_MAP'
2021-01-13 17:30:38,061 INFO [org.geoserver] - Loaded style 'SeamapAus_WA_NWShelf_ecosystems'
2021-01-13 17:30:38,061 INFO [org.geoserver] - Loaded style 'SeamapAus_WA_SeagrassSynthesis_combined'
2021-01-13 17:30:38,061 INFO [org.geoserver] - Loaded style 'SeamapAus_WA_SeagrassSynthesis_combined_MAP'
2021-01-13 17:30:38,062 INFO [org.geoserver] - Loaded style 'SeamapAus_WA_SeagrassSynthesis_labels'
2021-01-13 17:30:38,062 INFO [org.geoserver] - Loaded style 'SeamapAus_WA_SeagrassSynthesis_pct'
2021-01-13 17:30:38,062 INFO [org.geoserver] - Loaded style 'SeamapAus_contours_1m'
2021-01-13 17:30:38,062 INFO [org.geoserver] - Loaded style 'SeamapAus_contours_5m'
2021-01-13 17:30:38,062 INFO [org.geoserver] - Loaded style 'WaveExp_Carnarvon'
2021-01-13 17:30:38,063 INFO [org.geoserver] - Loaded style 'WaveExp_Jervis'
2021-01-13 17:30:38,063 INFO [org.geoserver] - Loaded style 'seamaptas_contours'
2021-01-13 17:30:38,064 INFO [org.geoserver] - Loaded workspace 'redmap'
2021-01-13 17:30:38,064 INFO [org.geoserver] - Loaded workspace 'imas'
2021-01-13 17:30:38,066 INFO [org.geoserver] - Loaded style 'ANIMAL_TRACKING_dots'
2021-01-13 17:30:38,066 INFO [org.geoserver] - Loaded style 'ANIMAL_TRACKING_lines'
2021-01-13 17:30:38,075 INFO [org.geoserver] - Loaded style 'ECP_chlorophyll'
2021-01-13 17:30:38,076 INFO [org.geoserver] - Loaded style 'ECP_nutrients'
2021-01-13 17:30:38,076 INFO [org.geoserver] - Loaded style 'ECP_oceanography'
2021-01-13 17:30:38,076 INFO [org.geoserver] - Loaded style 'ECP_phytoplankton'
2021-01-13 17:30:38,076 INFO [org.geoserver] - Loaded style 'ECP_pigments'
2021-01-13 17:30:38,076 INFO [org.geoserver] - Loaded style 'ECP_zooplankton'
2021-01-13 17:30:38,077 INFO [org.geoserver] - Loaded style 'Global_Fisheries_Landings_2014'
2021-01-13 17:30:38,077 INFO [org.geoserver] - Loaded style 'Global_Fisheries_Landings_2015'
2021-01-13 17:30:38,077 INFO [org.geoserver] - Loaded style 'Macrocystis_areal_density'
2021-01-13 17:30:38,077 INFO [org.geoserver] - Loaded style 'Macrocystis_areal_extent'
2021-01-13 17:30:38,077 INFO [org.geoserver] - Loaded style 'Macrocystis_harvest_tonnage'
2021-01-13 17:30:38,077 INFO [org.geoserver] - Loaded style 'NERP_seafloor_digitised'
2021-01-13 17:30:38,078 INFO [org.geoserver] - Loaded style 'NERP_seafloor_geobia'
2021-01-13 17:30:38,078 INFO [org.geoserver] - Loaded style 'Presence Absence urchin barren'
2021-01-13 17:30:38,078 INFO [org.geoserver] - Loaded style 'aoi_imas'
2021-01-13 17:30:38,078 INFO [org.geoserver] - Loaded style 'large_poly_imas'
2021-01-13 17:30:38,078 INFO [org.geoserver] - Loaded style 'poi_imas'
2021-01-13 17:30:38,078 INFO [org.geoserver] - Loaded style 'survey_region_SM'
2021-01-13 17:30:38,079 INFO [org.geoserver] - Loaded style 'Macrocystis_areal_extent_ALL'
2021-01-13 17:30:38,079 INFO [org.geoserver] - Loaded style 'AUSTEn_campaigns'
2021-01-13 17:30:38,218 INFO [org.geoserver] - Loaded coverage store 'CoralSea_seamounts_geomorphology', enabled
2021-01-13 17:30:39,142 INFO [org.geoserver] - Loaded coverage 'CoralSea_seamounts_geomorph', enabled
2021-01-13 17:30:39,150 INFO [org.geoserver] - Loaded layer 'CoralSea_seamounts_geomorph'
2021-01-13 17:30:39,151 INFO [org.geoserver] - Loaded coverage store 'CoralSea_seamounts_surface', enabled
2021-01-13 17:30:39,153 INFO [org.geoserver] - Loaded coverage 'CoralSea_seamounts_surface', enabled
2021-01-13 17:30:39,153 INFO [org.geoserver] - Loaded layer 'CoralSea_seamounts_surface'
2021-01-13 17:30:39,207 INFO [org.geoserver] - Loaded data store 'NESP', enabled
2021-01-13 17:30:39,221 INFO [org.geoserver] - Loaded feature type 'CSIRO_NESP_handfish_surveys', enabled
2021-01-13 17:30:39,225 INFO [org.geoserver] - Loaded layer 'CSIRO_NESP_handfish_surveys'
2021-01-13 17:30:39,227 INFO [org.geoserver] - Loaded feature type 'CSIRO_NESP_handfish_surveys_MAP', enabled
2021-01-13 17:30:39,227 INFO [org.geoserver] - Loaded layer 'CSIRO_NESP_handfish_surveys_MAP'
2021-01-13 17:30:39,229 INFO [org.geoserver] - Loaded feature type 'NESP_A1_catch_summary_MAP', enabled
2021-01-13 17:30:39,229 INFO [org.geoserver] - Loaded layer 'NESP_A1_catch_summary_MAP'
2021-01-13 17:30:39,230 INFO [org.geoserver] - Loaded feature type 'NESP_A9_RBradford_GNS_Tissue_Samples', enabled
2021-01-13 17:30:39,237 INFO [org.geoserver] - Loaded layer 'NESP_A9_RBradford_GNS_Tissue_Samples'
2021-01-13 17:30:39,239 INFO [org.geoserver] - Loaded feature type 'NESP_D1_OceanicShoals_CMR_pelagic_BRUV', enabled
2021-01-13 17:30:39,239 INFO [org.geoserver] - Loaded layer 'NESP_D1_OceanicShoals_CMR_pelagic_BRUV'
2021-01-13 17:30:39,240 INFO [org.geoserver] - Loaded feature type 'NESP_D1_OceanicShoals_OpportunisticMegafauna', enabled
2021-01-13 17:30:39,241 INFO [org.geoserver] - Loaded layer 'NESP_D1_OceanicShoals_OpportunisticMegafauna'
2021-01-13 17:30:39,255 INFO [org.geoserver] - Loaded feature type 'NESP_D1_SAUP_PelagicFish', enabled
2021-01-13 17:30:39,256 INFO [org.geoserver] - Loaded layer 'NESP_D1_SAUP_PelagicFish'
2021-01-13 17:30:39,257 INFO [org.geoserver] - Loaded feature type 'NESP_D3_Tier1_localscale_reef', enabled
2021-01-13 17:30:39,258 INFO [org.geoserver] - Loaded layer 'NESP_D3_Tier1_localscale_reef'
2021-01-13 17:30:39,259 INFO [org.geoserver] - Loaded feature type 'NESP_D3_Tier2_regionalscale_reef', enabled
2021-01-13 17:30:39,259 INFO [org.geoserver] - Loaded layer 'NESP_D3_Tier2_regionalscale_reef'
2021-01-13 17:30:39,260 INFO [org.geoserver] - Loaded feature type 'NESP_D3_Tier3_nationalscale_reef', enabled
2021-01-13 17:30:39,260 INFO [org.geoserver] - Loaded layer 'NESP_D3_Tier3_nationalscale_reef'
2021-01-13 17:30:39,262 INFO [org.geoserver] - Loaded feature type 'NESP_D3_Tier4_reef_probability', enabled
2021-01-13 17:30:39,262 INFO [org.geoserver] - Loaded layer 'NESP_D3_Tier4_reef_probability'
2021-01-13 17:30:39,263 INFO [org.geoserver] - Loaded feature type 'NESP_EP2_AerialSurvey', enabled
2021-01-13 17:30:39,263 INFO [org.geoserver] - Loaded layer 'NESP_EP2_AerialSurvey'
2021-01-13 17:30:39,264 INFO [org.geoserver] - Loaded feature type 'NESP_NationalOutfallDatabase_DATA', enabled
2021-01-13 17:30:39,264 INFO [org.geoserver] - Loaded layer 'NESP_NationalOutfallDatabase_DATA'
2021-01-13 17:30:39,275 INFO [org.geoserver] - Loaded feature type 'NESP_NationalOutfallDatabase_MAP', enabled
2021-01-13 17:30:39,278 INFO [org.geoserver] - Loaded layer 'NESP_NationalOutfallDatabase_MAP'
2021-01-13 17:30:39,279 INFO [org.geoserver] - Loaded feature type 'NESP_NthAust_sponge_collection', enabled
2021-01-13 17:30:39,280 INFO [org.geoserver] - Loaded layer 'NESP_NthAust_sponge_collection'
2021-01-13 17:30:39,281 INFO [org.geoserver] - Loaded feature type 'NESP_Seabed_Habitat_SolitarySouth_DATA', enabled
2021-01-13 17:30:39,282 INFO [org.geoserver] - Loaded layer 'NESP_Seabed_Habitat_SolitarySouth_DATA'
2021-01-13 17:30:39,283 INFO [org.geoserver] - Loaded feature type 'NESP_Seabed_Habitat_SolitarySouth_MAP', enabled
2021-01-13 17:30:39,283 INFO [org.geoserver] - Loaded layer 'NESP_Seabed_Habitat_SolitarySouth_MAP'
2021-01-13 17:30:39,284 INFO [org.geoserver] - Loaded coverage store 'NESP_A8_Seasnake_habitat', enabled
2021-01-13 17:30:39,286 INFO [org.geoserver] - Loaded coverage 'A8_AllSpeciesPredicted', enabled
2021-01-13 17:30:39,286 INFO [org.geoserver] - Loaded layer 'A8_AllSpeciesPredicted'
2021-01-13 17:30:39,287 INFO [org.geoserver] - Loaded coverage store 'OSCMR_PelagicAbundance_broad', enabled
2021-01-13 17:30:39,291 INFO [org.geoserver] - Loaded coverage 'OSCMR_PelagicAbundance_broad', enabled
2021-01-13 17:30:39,292 INFO [org.geoserver] - Loaded layer 'OSCMR_PelagicAbundance_broad'
2021-01-13 17:30:39,292 INFO [org.geoserver] - Loaded coverage store 'OSCMR_PelagicAbundance_fine', enabled
2021-01-13 17:30:39,294 INFO [org.geoserver] - Loaded coverage 'OSCMR_PelagicAbundance_fine', enabled
2021-01-13 17:30:39,300 INFO [org.geoserver] - Loaded layer 'OSCMR_PelagicAbundance_fine'
2021-01-13 17:30:39,301 INFO [org.geoserver] - Loaded coverage store 'OSCMR_PelagicDiversity_broad', enabled
2021-01-13 17:30:39,302 INFO [org.geoserver] - Loaded coverage 'OSCMR_PelagicDiversity_broad', enabled
2021-01-13 17:30:39,303 INFO [org.geoserver] - Loaded layer 'OSCMR_PelagicDiversity_broad'
2021-01-13 17:30:39,304 INFO [org.geoserver] - Loaded coverage store 'OSCMR_PelagicDiversity_fine', enabled
2021-01-13 17:30:39,306 INFO [org.geoserver] - Loaded coverage 'OSCMR_PelagicDiversity_fine', enabled
2021-01-13 17:30:39,306 INFO [org.geoserver] - Loaded layer 'OSCMR_PelagicDiversity_fine'
2021-01-13 17:30:39,306 INFO [org.geoserver] - Loaded coverage store 'NESP_D1_SAUP_DemersalFish', enabled
2021-01-13 17:30:39,333 INFO [org.geoserver] - Loaded coverage 'SAUP_NW_DemersalFish', enabled
2021-01-13 17:30:39,333 INFO [org.geoserver] - Loaded layer 'SAUP_NW_DemersalFish'
2021-01-13 17:30:39,356 INFO [org.geoserver] - Loaded data store 'IMASDataStore', enabled
2021-01-13 17:30:39,373 INFO [org.geoserver] - Loaded feature type 'AAA_THREDDS_NatBathy', enabled
2021-01-13 17:30:39,373 INFO [org.geoserver] - Loaded layer 'AAA_THREDDS_NatBathy'
2021-01-13 17:30:39,374 INFO [org.geoserver] - Loaded feature type 'ACE_JRHunter_Historical_observations_sea_level_portarthur_GV', enabled
2021-01-13 17:30:39,374 INFO [org.geoserver] - Loaded layer 'ACE_JRHunter_Historical_observations_sea_level_portarthur_GV'
2021-01-13 17:30:39,376 INFO [org.geoserver] - Loaded feature type 'ACE_JRHunter_Observations_sea_level_portarthur_GV', enabled
2021-01-13 17:30:39,376 INFO [org.geoserver] - Loaded layer 'ACE_JRHunter_Observations_sea_level_portarthur_GV'
2021-01-13 17:30:39,377 INFO [org.geoserver] - Loaded feature type 'ACE_JRHunter_Observations_sea_level_portarthur_GV1', enabled
2021-01-13 17:30:39,377 INFO [org.geoserver] - Loaded layer 'ACE_JRHunter_Observations_sea_level_portarthur_GV1'
2021-01-13 17:30:39,378 INFO [org.geoserver] - Loaded feature type 'ACE_JRHunter_Observations_sea_level_portarthur_GV2', enabled
2021-01-13 17:30:39,378 INFO [org.geoserver] - Loaded layer 'ACE_JRHunter_Observations_sea_level_portarthur_GV2'
2021-01-13 17:30:39,379 INFO [org.geoserver] - Loaded feature type 'ACE_LRatnarajah_Trace_element_concentration_whale_faeces_southern_ocean_GV', enabled
2021-01-13 17:30:39,379 INFO [org.geoserver] - Loaded layer 'ACE_LRatnarajah_Trace_element_concentration_whale_faeces_southern_ocean_GV'
2021-01-13 17:30:39,380 INFO [org.geoserver] - Loaded feature type 'ACE_Ratnarajah_AntarcticCTD_Ammonium', enabled
2021-01-13 17:30:39,380 INFO [org.geoserver] - Loaded layer 'ACE_Ratnarajah_AntarcticCTD_Ammonium'
2021-01-13 17:30:39,380 INFO [org.geoserver] - Loaded feature type 'ACE_Ratnarajah_AntarcticCTD_POC', enabled
2021-01-13 17:30:39,381 INFO [org.geoserver] - Loaded layer 'ACE_Ratnarajah_AntarcticCTD_POC'
2021-01-13 17:30:39,381 INFO [org.geoserver] - Loaded feature type 'ACE_Ratnarajah_AntarcticCTD_POC_PON', enabled
2021-01-13 17:30:39,381 INFO [org.geoserver] - Loaded layer 'ACE_Ratnarajah_AntarcticCTD_POC_PON'
2021-01-13 17:30:39,387 INFO [org.geoserver] - Loaded feature type 'ACE_Ratnarajah_POC_Antarctic', enabled
2021-01-13 17:30:39,388 INFO [org.geoserver] - Loaded layer 'ACE_Ratnarajah_POC_Antarctic'
2021-01-13 17:30:39,388 INFO [org.geoserver] - Loaded feature type 'ACE_SCook_Iceberg_size', enabled
2021-01-13 17:30:39,389 INFO [org.geoserver] - Loaded layer 'ACE_SCook_Iceberg_size'
2021-01-13 17:30:39,389 INFO [org.geoserver] - Loaded feature type 'ACE_Schallenberg_ChlA', enabled
2021-01-13 17:30:39,389 INFO [org.geoserver] - Loaded layer 'ACE_Schallenberg_ChlA'
2021-01-13 17:30:39,390 INFO [org.geoserver] - Loaded feature type 'ACE_Schallenberg_Secchi_depth', enabled
2021-01-13 17:30:39,390 INFO [org.geoserver] - Loaded layer 'ACE_Schallenberg_Secchi_depth'
2021-01-13 17:30:39,391 INFO [org.geoserver] - Loaded feature type 'AGP_JWhittaker_Dredge_Samples_SS2011_06', enabled
2021-01-13 17:30:39,391 INFO [org.geoserver] - Loaded layer 'AGP_JWhittaker_Dredge_Samples_SS2011_06'
2021-01-13 17:30:39,392 INFO [org.geoserver] - Loaded feature type 'AQF_KMSwadling_Abundance_distribution_coastal_inshore_zooplankton_grazing_study_GV', enabled
2021-01-13 17:30:39,392 INFO [org.geoserver] - Loaded layer 'AQF_KMSwadling_Abundance_distribution_coastal_inshore_zooplankton_grazing_study_GV'
2021-01-13 17:30:39,392 INFO [org.geoserver] - Loaded feature type 'AQF_KMSwadling_Abundance_distribution_coastal_inshore_zooplankton_tasmania_GV', enabled
2021-01-13 17:30:39,393 INFO [org.geoserver] - Loaded layer 'AQF_KMSwadling_Abundance_distribution_coastal_inshore_zooplankton_tasmania_GV'
2021-01-13 17:30:39,393 INFO [org.geoserver] - Loaded feature type 'ARC_CLayton_transplanted_kelp_reefs_MAP', enabled
2021-01-13 17:30:39,393 INFO [org.geoserver] - Loaded layer 'ARC_CLayton_transplanted_kelp_reefs_MAP'
2021-01-13 17:30:39,394 INFO [org.geoserver] - Loaded feature type 'ARC_EFlukes_Ecophysiology_three_habitat_forming_seaweeds_se_australia', enabled
2021-01-13 17:30:39,394 INFO [org.geoserver] - Loaded layer 'ARC_EFlukes_Ecophysiology_three_habitat_forming_seaweeds_se_australia'
2021-01-13 17:30:39,395 INFO [org.geoserver] - Loaded feature type 'ARC_NKriegisch_Phaseshift_urchin_grazing_nutrified_reefs_MAP', enabled
2021-01-13 17:30:39,395 INFO [org.geoserver] - Loaded layer 'ARC_NKriegisch_Phaseshift_urchin_grazing_nutrified_reefs_MAP'
2021-01-13 17:30:39,396 INFO [org.geoserver] - Loaded feature type 'ARE_ECOliver_Statistically_downscaled_aus_continental_shelf_sea_surface_temps_GV', enabled
2021-01-13 17:30:39,396 INFO [org.geoserver] - Loaded layer 'ARE_ECOliver_Statistically_downscaled_aus_continental_shelf_sea_surface_temps_GV'
2021-01-13 17:30:39,372 WARN [org.geoserver] - Ignoring feature type directory workspaces/imas/IMASDataStore/Aerial_surveys_Macrocystis_2019_TRACKS
2021-01-13 17:30:39,385 WARN [org.geoserver] - Ignoring feature type directory workspaces/imas/IMASDataStore/NESP_D1_SAUP_PelagicFish
2021-01-13 17:30:39,413 INFO [org.geoserver] - Loaded feature type 'CERF_NHill_FEIndex_Bathymetry', enabled
2021-01-13 17:30:39,414 INFO [org.geoserver] - Loaded layer 'CERF_NHill_FEIndex_Bathymetry'
2021-01-13 17:30:39,415 INFO [org.geoserver] - Loaded feature type 'CERF_NHill_FEIndex_Openness', enabled
2021-01-13 17:30:39,415 INFO [org.geoserver] - Loaded layer 'CERF_NHill_FEIndex_Openness'
2021-01-13 17:30:39,416 INFO [org.geoserver] - Loaded feature type 'CER_CMCrawford_Coastal_estuarine_GV', enabled
2021-01-13 17:30:39,416 INFO [org.geoserver] - Loaded layer 'CER_CMCrawford_Coastal_estuarine_GV'
2021-01-13 17:30:39,417 INFO [org.geoserver] - Loaded feature type 'DP1_CGardner_Analysis_giant_crab_brain_lipofuscin_age_determination_GV', enabled
2021-01-13 17:30:39,417 INFO [org.geoserver] - Loaded layer 'DP1_CGardner_Analysis_giant_crab_brain_lipofuscin_age_determination_GV'
2021-01-13 17:30:39,418 INFO [org.geoserver] - Loaded feature type 'DP1_CGardner_Effects_water_temp_thermoclines_larval_behaviour_giant_crab_GV', enabled
2021-01-13 17:30:39,418 INFO [org.geoserver] - Loaded layer 'DP1_CGardner_Effects_water_temp_thermoclines_larval_behaviour_giant_crab_GV'
2021-01-13 17:30:39,418 INFO [org.geoserver] - Loaded feature type 'DP1_CGardner_Estimating_intermoult_duration_giant_crabs_GV', enabled
2021-01-13 17:30:39,419 INFO [org.geoserver] - Loaded layer 'DP1_CGardner_Estimating_intermoult_duration_giant_crabs_GV'
2021-01-13 17:30:39,419 INFO [org.geoserver] - Loaded feature type 'DP1_CGardner_Fecundity_egg_size_of_giant_crabs_GV', enabled
2021-01-13 17:30:39,419 INFO [org.geoserver] - Loaded layer 'DP1_CGardner_Fecundity_egg_size_of_giant_crabs_GV'
2021-01-13 17:30:39,420 INFO [org.geoserver] - Loaded feature type 'DP1_CGardner_Monitoring_size_composition_eggs_from_giant_crabs_GV', enabled
2021-01-13 17:30:39,420 INFO [org.geoserver] - Loaded layer 'DP1_CGardner_Monitoring_size_composition_eggs_from_giant_crabs_GV'
2021-01-13 17:30:39,421 INFO [org.geoserver] - Loaded feature type 'FR1_CRJohnson_Analysis_enzyme_long_spined_sea_urchin_GV', enabled
2021-01-13 17:30:39,421 INFO [org.geoserver] - Loaded layer 'FR1_CRJohnson_Analysis_enzyme_long_spined_sea_urchin_GV'
2021-01-13 17:30:39,422 INFO [org.geoserver] - Loaded feature type 'FR1_CRJohnson_Barren_kelpbed_comparison_rock_lobster_abalone_abundance_GV', enabled
2021-01-13 17:30:39,422 INFO [org.geoserver] - Loaded layer 'FR1_CRJohnson_Barren_kelpbed_comparison_rock_lobster_abalone_abundance_GV'
2021-01-13 17:30:39,423 INFO [org.geoserver] - Loaded feature type 'FR1_CRJohnson_Expansion_sea_urchin_loss_taxonomic_diversity_kelp_GV', enabled
2021-01-13 17:30:39,423 INFO [org.geoserver] - Loaded layer 'FR1_CRJohnson_Expansion_sea_urchin_loss_taxonomic_diversity_kelp_GV'
2021-01-13 17:30:39,423 INFO [org.geoserver] - Loaded feature type 'FR1_CRJohnson_Surveys_long_spined_sea_urchin_barrens_habitat_kent_group_GV', enabled
2021-01-13 17:30:39,424 INFO [org.geoserver] - Loaded layer 'FR1_CRJohnson_Surveys_long_spined_sea_urchin_barrens_habitat_kent_group_GV'
2021-01-13 17:30:39,424 INFO [org.geoserver] - Loaded feature type 'FR1_CRJohnson_Surveys_macroalgae_urchin_barrens_habitat_KentGroup_DATA', enabled
2021-01-13 17:30:39,425 INFO [org.geoserver] - Loaded layer 'FR1_CRJohnson_Surveys_macroalgae_urchin_barrens_habitat_KentGroup_DATA'
2021-01-13 17:30:39,425 INFO [org.geoserver] - Loaded feature type 'FR1_CRJohnson_Video_surveys_macroalgae_substratum_DATA', enabled
2021-01-13 17:30:39,425 INFO [org.geoserver] - Loaded layer 'FR1_CRJohnson_Video_surveys_macroalgae_substratum_DATA'
2021-01-13 17:30:39,426 INFO [org.geoserver] - Loaded feature type 'FR1_CRJohnson_Video_surveys_macroalgae_substratum_MAP', enabled
2021-01-13 17:30:39,426 INFO [org.geoserver] - Loaded layer 'FR1_CRJohnson_Video_surveys_macroalgae_substratum_MAP'
2021-01-13 17:30:39,427 INFO [org.geoserver] - Loaded feature type 'FR2_CRJohnson_Presence_sea_urchin_dna_in_rock_lobster_faecal_samples_GV', enabled
2021-01-13 17:30:39,427 INFO [org.geoserver] - Loaded layer 'FR2_CRJohnson_Presence_sea_urchin_dna_in_rock_lobster_faecal_samples_GV'
2021-01-13 17:30:39,427 INFO [org.geoserver] - Loaded feature type 'FR2_CRJohnson_Urchin_barrens_macroalgae_invert_surveys_DATA', enabled
2021-01-13 17:30:39,428 INFO [org.geoserver] - Loaded layer 'FR2_CRJohnson_Urchin_barrens_macroalgae_invert_surveys_DATA'
2021-01-13 17:30:39,428 INFO [org.geoserver] - Loaded feature type 'FR2_CRJohnson_Urchin_barrens_macroalgae_invert_surveys_MAP', enabled
2021-01-13 17:30:39,428 INFO [org.geoserver] - Loaded layer 'FR2_CRJohnson_Urchin_barrens_macroalgae_invert_surveys_MAP'
2021-01-13 17:30:39,429 INFO [org.geoserver] - Loaded feature type 'FR3_CJSanderson_Pilot_management_program_urchin_density_hopeisland_GV', enabled
2021-01-13 17:30:39,429 INFO [org.geoserver] - Loaded layer 'FR3_CJSanderson_Pilot_management_program_urchin_density_hopeisland_GV'
2021-01-13 17:30:39,430 INFO [org.geoserver] - Loaded feature type 'FR3_CJSanderson_Pilot_management_program_urchin_density_meredithpoint_GV', enabled
2021-01-13 17:30:39,430 INFO [org.geoserver] - Loaded layer 'FR3_CJSanderson_Pilot_management_program_urchin_density_meredithpoint_GV'
2021-01-13 17:30:39,431 INFO [org.geoserver] - Loaded feature type 'FR4_JMSemmens_Understanding_movement_patterns_key_reef_species_GV', enabled
2021-01-13 17:30:39,431 INFO [org.geoserver] - Loaded layer 'FR4_JMSemmens_Understanding_movement_patterns_key_reef_species_GV'
2021-01-13 17:30:39,432 INFO [org.geoserver] - Loaded feature type 'FR5_JMLyle_Age_structure_growth_population_status_banded_morwong_GV', enabled
2021-01-13 17:30:39,432 INFO [org.geoserver] - Loaded layer 'FR5_JMLyle_Age_structure_growth_population_status_banded_morwong_GV'
2021-01-13 17:30:39,432 INFO [org.geoserver] - Loaded feature type 'FR6_JMLyle_Post_release_survival_flathead_GV', enabled
2021-01-13 17:30:39,433 INFO [org.geoserver] - Loaded layer 'FR6_JMLyle_Post_release_survival_flathead_GV'
2021-01-13 17:30:39,433 INFO [org.geoserver] - Loaded feature type 'FRDC_JRoss_MacHarbour_HOBO_loggers_DATA', enabled
2021-01-13 17:30:39,434 INFO [org.geoserver] - Loaded layer 'FRDC_JRoss_MacHarbour_HOBO_loggers_DATA'
2021-01-13 17:30:39,434 INFO [org.geoserver] - Loaded feature type 'FRDC_JRoss_MacHarbour_HOBO_loggers_MAP', enabled
2021-01-13 17:30:39,434 INFO [org.geoserver] - Loaded layer 'FRDC_JRoss_MacHarbour_HOBO_loggers_MAP'
2021-01-13 17:30:39,435 INFO [org.geoserver] - Loaded feature type 'FRDC_JRoss_MacHarbour_O2_Monitoring_DATA', enabled
2021-01-13 17:30:39,435 INFO [org.geoserver] - Loaded layer 'FRDC_JRoss_MacHarbour_O2_Monitoring_DATA'
2021-01-13 17:30:39,436 INFO [org.geoserver] - Loaded feature type 'FRDC_JRoss_MacHarbour_O2_Monitoring_MAP', enabled
2021-01-13 17:30:39,436 INFO [org.geoserver] - Loaded layer 'FRDC_JRoss_MacHarbour_O2_Monitoring_MAP'
2021-01-13 17:30:39,437 INFO [org.geoserver] - Loaded feature type 'FRD_CMCrawford_Physical_chemical_parameters_oyster_growing_GV', enabled
2021-01-13 17:30:39,437 INFO [org.geoserver] - Loaded layer 'FRD_CMCrawford_Physical_chemical_parameters_oyster_growing_GV'
2021-01-13 17:30:39,438 INFO [org.geoserver] - Loaded feature type 'FWC_JMLyle_Recreational_scallop_fisheries_tasmania_GV', enabled
2021-01-13 17:30:39,438 INFO [org.geoserver] - Loaded layer 'FWC_JMLyle_Recreational_scallop_fisheries_tasmania_GV'
2021-01-13 17:30:39,439 INFO [org.geoserver] - Loaded feature type 'Huon_AMP_L1_Seamap', enabled
2021-01-13 17:30:39,439 INFO [org.geoserver] - Loaded layer 'Huon_AMP_L1_Seamap'
2021-01-13 17:30:39,440 INFO [org.geoserver] - Loaded feature type 'Huon_AMP_L3_broadscale', enabled
2021-01-13 17:30:39,441 INFO [org.geoserver] - Loaded layer 'Huon_AMP_L3_broadscale'
2021-01-13 17:30:39,442 INFO [org.geoserver] - Loaded feature type 'Huon_AMP_L3_finescale', enabled
2021-01-13 17:30:39,442 INFO [org.geoserver] - Loaded layer 'Huon_AMP_L3_finescale'
2021-01-13 17:30:39,443 INFO [org.geoserver] - Loaded feature type 'IN2016_V02_eddy_sampling_Chla', enabled
2021-01-13 17:30:39,443 INFO [org.geoserver] - Loaded layer 'IN2016_V02_eddy_sampling_Chla'
2021-01-13 17:30:39,444 INFO [org.geoserver] - Loaded feature type 'IN2016_V02_eddy_sampling_POC', enabled
2021-01-13 17:30:39,444 INFO [org.geoserver] - Loaded layer 'IN2016_V02_eddy_sampling_POC'
2021-01-13 17:30:39,445 INFO [org.geoserver] - Loaded feature type 'JCU_Haapkyla_Hoga_Reef_communities_MAP', enabled
2021-01-13 17:30:39,445 INFO [org.geoserver] - Loaded layer 'JCU_Haapkyla_Hoga_Reef_communities_MAP'
2021-01-13 17:30:39,446 INFO [org.geoserver] - Loaded feature type 'Macrocystis_aerial_surveys_2009', enabled
2021-01-13 17:30:39,446 INFO [org.geoserver] - Loaded layer 'Macrocystis_aerial_surveys_2009'
2021-01-13 17:30:39,447 INFO [org.geoserver] - Loaded feature type 'Macrocystis_aerial_surveys_2019', enabled
2021-01-13 17:30:39,447 INFO [org.geoserver] - Loaded layer 'Macrocystis_aerial_surveys_2019'
2021-01-13 17:30:39,456 INFO [org.geoserver] - Loaded feature type 'Macrocystis_aerial_surveys_2019_TRACKS', enabled
2021-01-13 17:30:39,456 INFO [org.geoserver] - Loaded layer 'Macrocystis_aerial_surveys_2019_TRACKS'
2021-01-13 17:30:39,457 INFO [org.geoserver] - Loaded feature type 'Macrocystis_areal_extent_1953', enabled
2021-01-13 17:30:39,458 INFO [org.geoserver] - Loaded layer 'Macrocystis_areal_extent_1953'
2021-01-13 17:30:39,459 INFO [org.geoserver] - Loaded feature type 'Macrocystis_areal_extent_1965', enabled
2021-01-13 17:30:39,459 INFO [org.geoserver] - Loaded layer 'Macrocystis_areal_extent_1965'
2021-01-13 17:30:39,460 INFO [org.geoserver] - Loaded feature type 'Macrocystis_areal_extent_1986', enabled
2021-01-13 17:30:39,460 INFO [org.geoserver] - Loaded layer 'Macrocystis_areal_extent_1986'
2021-01-13 17:30:39,461 INFO [org.geoserver] - Loaded feature type 'Macrocystis_areal_extent_1988', enabled
2021-01-13 17:30:39,461 INFO [org.geoserver] - Loaded layer 'Macrocystis_areal_extent_1988'
2021-01-13 17:30:39,462 INFO [org.geoserver] - Loaded feature type 'Macrocystis_areal_extent_1999', enabled
2021-01-13 17:30:39,463 INFO [org.geoserver] - Loaded layer 'Macrocystis_areal_extent_1999'
2021-01-13 17:30:39,464 INFO [org.geoserver] - Loaded feature type 'Macrocystis_harvest_1971', enabled
2021-01-13 17:30:39,464 INFO [org.geoserver] - Loaded layer 'Macrocystis_harvest_1971'
2021-01-13 17:30:39,464 INFO [org.geoserver] - Loaded feature type 'Marine_Plastics', enabled
2021-01-13 17:30:39,465 INFO [org.geoserver] - Loaded layer 'Marine_Plastics'
2021-01-13 17:30:39,465 INFO [org.geoserver] - Loaded feature type 'NERP_NBarrett_Flinders_CMR_AUV_GV', enabled
2021-01-13 17:30:39,465 INFO [org.geoserver] - Loaded layer 'NERP_NBarrett_Flinders_CMR_AUV_GV'
2021-01-13 17:30:39,466 INFO [org.geoserver] - Loaded feature type 'NERP_NBarrett_Flinders_CMR_BRUV_Length', enabled
2021-01-13 17:30:39,466 INFO [org.geoserver] - Loaded layer 'NERP_NBarrett_Flinders_CMR_BRUV_Length'
2021-01-13 17:30:39,467 INFO [org.geoserver] - Loaded feature type 'NERP_NBarrett_Flinders_CMR_BRUV_MaxN', enabled
2021-01-13 17:30:39,467 INFO [org.geoserver] - Loaded layer 'NERP_NBarrett_Flinders_CMR_BRUV_MaxN'
2021-01-13 17:30:39,479 INFO [org.geoserver] - Loaded feature type 'NERP_NBarrett_TasFracture_CMR_AUV_GV', enabled
2021-01-13 17:30:39,479 INFO [org.geoserver] - Loaded layer 'NERP_NBarrett_TasFracture_CMR_AUV_GV'
2021-01-13 17:30:39,480 INFO [org.geoserver] - Loaded feature type 'NERP_NBarrett_TasFracture_CMR_BRUV_Length', enabled
2021-01-13 17:30:39,480 INFO [org.geoserver] - Loaded layer 'NERP_NBarrett_TasFracture_CMR_BRUV_Length'
2021-01-13 17:30:39,481 INFO [org.geoserver] - Loaded feature type 'NERP_NBarrett_TasFracture_CMR_BRUV_MaxN', enabled
2021-01-13 17:30:39,481 INFO [org.geoserver] - Loaded layer 'NERP_NBarrett_TasFracture_CMR_BRUV_MaxN'
2021-01-13 17:30:39,482 INFO [org.geoserver] - Loaded feature type 'NERP_NBarrett_TasFracture_CMR_LobPotting', enabled
2021-01-13 17:30:39,482 INFO [org.geoserver] - Loaded layer 'NERP_NBarrett_TasFracture_CMR_LobPotting'
2021-01-13 17:30:39,497 INFO [org.geoserver] - Loaded feature type 'NERP_VLucieer_Flinders_CMA_habitat_digitised', enabled
2021-01-13 17:30:39,497 INFO [org.geoserver] - Loaded layer 'NERP_VLucieer_Flinders_CMA_habitat_digitised'
2021-01-13 17:30:39,498 INFO [org.geoserver] - Loaded feature type 'NERP_VLucieer_Flinders_CMA_habitat_geobia', enabled
2021-01-13 17:30:39,499 INFO [org.geoserver] - Loaded layer 'NERP_VLucieer_Flinders_CMA_habitat_geobia'
2021-01-13 17:30:39,500 INFO [org.geoserver] - Loaded feature type 'NESP_C2_pollution_markers', enabled
2021-01-13 17:30:39,500 INFO [org.geoserver] - Loaded layer 'NESP_C2_pollution_markers'
2021-01-13 17:30:39,500 INFO [org.geoserver] - Loaded feature type 'NESP_NPerkins_AUV_urchinbarrens', enabled
2021-01-13 17:30:39,501 INFO [org.geoserver] - Loaded layer 'NESP_NPerkins_AUV_urchinbarrens'
2021-01-13 17:30:39,501 INFO [org.geoserver] - Loaded feature type 'NFI_LLort_PISCES_1D_MAP', enabled
2021-01-13 17:30:39,501 INFO [org.geoserver] - Loaded layer 'NFI_LLort_PISCES_1D_MAP'
2021-01-13 17:30:39,502 INFO [org.geoserver] - Loaded feature type 'NFI_MLea_Antarctic_fur_seal_dive_data_GV', enabled
2021-01-13 17:30:39,502 INFO [org.geoserver] - Loaded layer 'NFI_MLea_Antarctic_fur_seal_dive_data_GV'
2021-01-13 17:30:39,503 INFO [org.geoserver] - Loaded feature type 'NH1_CMCrawford_Biodiversity_degradation_GV', enabled
2021-01-13 17:30:39,503 INFO [org.geoserver] - Loaded layer 'NH1_CMCrawford_Biodiversity_degradation_GV'
2021-01-13 17:30:39,503 INFO [org.geoserver] - Loaded feature type 'NH2_CMCrawford_Ecological_health_GV', enabled
2021-01-13 17:30:39,504 INFO [org.geoserver] - Loaded layer 'NH2_CMCrawford_Ecological_health_GV'
2021-01-13 17:30:39,504 INFO [org.geoserver] - Loaded feature type 'NH3_CMCrawford_Estuarine_Health_Tasmania_GV', enabled
2021-01-13 17:30:39,504 INFO [org.geoserver] - Loaded layer 'NH3_CMCrawford_Estuarine_Health_Tasmania_GV'
2021-01-13 17:30:39,505 INFO [org.geoserver] - Loaded feature type 'NR1_CMCrawford_Monitoring_program_GV', enabled
2021-01-13 17:30:39,505 INFO [org.geoserver] - Loaded layer 'NR1_CMCrawford_Monitoring_program_GV'
2021-01-13 17:30:39,506 INFO [org.geoserver] - Loaded feature type 'NR2_CMCrawford_Stateof_estuary_report_georgesbay_GV', enabled
2021-01-13 17:30:39,506 INFO [org.geoserver] - Loaded layer 'NR2_CMCrawford_Stateof_estuary_report_georgesbay_GV'
2021-01-13 17:30:39,518 INFO [org.geoserver] - Loaded feature type 'OC_LPhillips_LittlePenguin_GPS_tracks_DATA', enabled
2021-01-13 17:30:39,518 INFO [org.geoserver] - Loaded layer 'OC_LPhillips_LittlePenguin_GPS_tracks_DATA'
2021-01-13 17:30:39,519 INFO [org.geoserver] - Loaded feature type 'OC_LPhillips_LittlePenguin_GPS_tracks_MAP', enabled
2021-01-13 17:30:39,519 INFO [org.geoserver] - Loaded layer 'OC_LPhillips_LittlePenguin_GPS_tracks_MAP'
2021-01-13 17:30:39,519 INFO [org.geoserver] - Loaded feature type 'REGS_EOliver_ETAS_marine_heatwaves_atlas_MAP', enabled
2021-01-13 17:30:39,520 INFO [org.geoserver] - Loaded layer 'REGS_EOliver_ETAS_marine_heatwaves_atlas_MAP'
2021-01-13 17:30:39,520 INFO [org.geoserver] - Loaded feature type 'SCI_CJSanderson_Restoration_string_kelp_habitat_tasmania_GV', enabled
2021-01-13 17:30:39,521 INFO [org.geoserver] - Loaded layer 'SCI_CJSanderson_Restoration_string_kelp_habitat_tasmania_GV'
2021-01-13 17:30:39,521 INFO [org.geoserver] - Loaded feature type 'TAF_CGardner_Measuring_effect_cooking_carapace_length_rock_lobster_GV', enabled
2021-01-13 17:30:39,521 INFO [org.geoserver] - Loaded layer 'TAF_CGardner_Measuring_effect_cooking_carapace_length_rock_lobster_GV'
2021-01-13 17:30:39,522 INFO [org.geoserver] - Loaded feature type 'TAF_CGardner_Measuring_shell_hardness_southern_rock_lobster_GV', enabled
2021-01-13 17:30:39,522 INFO [org.geoserver] - Loaded layer 'TAF_CGardner_Measuring_shell_hardness_southern_rock_lobster_GV'
2021-01-13 17:30:39,523 INFO [org.geoserver] - Loaded feature type 'TAF_CNMundy_Abalone_size_at_reproductive_maturity_GV', enabled
2021-01-13 17:30:39,523 INFO [org.geoserver] - Loaded layer 'TAF_CNMundy_Abalone_size_at_reproductive_maturity_GV'
2021-01-13 17:30:39,523 INFO [org.geoserver] - Loaded feature type 'TAF_DJRoss_Impacts_northern_pacific_seastar_european_green_crab_soft_sediment_GV', enabled
2021-01-13 17:30:39,524 INFO [org.geoserver] - Loaded layer 'TAF_DJRoss_Impacts_northern_pacific_seastar_european_green_crab_soft_sediment_GV'
2021-01-13 17:30:39,524 INFO [org.geoserver] - Loaded feature type 'TPW_NSBarrett_MacHarbour_O2_GV2', enabled
2021-01-13 17:30:39,524 INFO [org.geoserver] - Loaded layer 'TPW_NSBarrett_MacHarbour_O2_GV2'
2021-01-13 17:30:39,525 INFO [org.geoserver] - Loaded feature type 'TPW_NSBarrett_MacHarbour_O2_GV_MAP', enabled
2021-01-13 17:30:39,525 INFO [org.geoserver] - Loaded layer 'TPW_NSBarrett_MacHarbour_O2_GV_MAP'
2021-01-13 17:30:39,525 INFO [org.geoserver] - Loaded feature type 'Tamar_tidal_height', enabled
2021-01-13 17:30:39,526 INFO [org.geoserver] - Loaded layer 'Tamar_tidal_height'
2021-01-13 17:30:39,526 INFO [org.geoserver] - Loaded feature type 'ZOO_KMSwadling_Zooplankton_hydrology_derwent_river_tasmania_GV', enabled
2021-01-13 17:30:39,526 INFO [org.geoserver] - Loaded layer 'ZOO_KMSwadling_Zooplankton_hydrology_derwent_river_tasmania_GV'
2021-01-13 17:30:39,527 INFO [org.geoserver] - Loaded feature type 'ZOO_KMSwadling_Zooplankton_hydrology_inshore_coastal_waters_tasmania_GV', enabled
2021-01-13 17:30:39,527 INFO [org.geoserver] - Loaded layer 'ZOO_KMSwadling_Zooplankton_hydrology_inshore_coastal_waters_tasmania_GV'
2021-01-13 17:30:39,528 INFO [org.geoserver] - Loaded feature type 'ZOO_KMSwadling_Zooplanktonic_communities_south_east_tasmania_1971_GV', enabled
2021-01-13 17:30:39,528 INFO [org.geoserver] - Loaded layer 'ZOO_KMSwadling_Zooplanktonic_communities_south_east_tasmania_1971_GV'
2021-01-13 17:30:39,540 INFO [org.geoserver] - Loaded feature type 'ZOO_KMSwadling_Zooplanktonic_communities_south_east_tasmania_2000_GV', enabled
2021-01-13 17:30:39,540 INFO [org.geoserver] - Loaded layer 'ZOO_KMSwadling_Zooplanktonic_communities_south_east_tasmania_2000_GV'
2021-01-13 17:30:39,541 INFO [org.geoserver] - Loaded feature type 'ZOO_RHMagierowski_Community_assembly_marine_macrofauna_communities_GV', enabled
2021-01-13 17:30:39,541 INFO [org.geoserver] - Loaded layer 'ZOO_RHMagierowski_Community_assembly_marine_macrofauna_communities_GV'
2021-01-13 17:30:39,541 INFO [org.geoserver] - Loaded feature type 'ZOO_SDLing_Growth_age_range_extension_region_sea_urchin_tasmania_GV', enabled
2021-01-13 17:30:39,542 INFO [org.geoserver] - Loaded layer 'ZOO_SDLing_Growth_age_range_extension_region_sea_urchin_tasmania_GV'
2021-01-13 17:30:39,542 INFO [org.geoserver] - Loaded feature type 'ZOO_SDLing_Reproductive_potential_long_spined_sea_urchin_tasmania_GV', enabled
2021-01-13 17:30:39,542 INFO [org.geoserver] - Loaded layer 'ZOO_SDLing_Reproductive_potential_long_spined_sea_urchin_tasmania_GV'
2021-01-13 17:30:39,543 INFO [org.geoserver] - Loaded feature type 'Macrocystis_areal_extent_timeseries', enabled
2021-01-13 17:30:39,543 INFO [org.geoserver] - Loaded layer 'Macrocystis_areal_extent_timeseries'
2021-01-13 17:30:39,544 INFO [org.geoserver] - Loaded feature type 'AUSTEn_campaigns', enabled
2021-01-13 17:30:39,544 INFO [org.geoserver] - Loaded layer 'AUSTEn_campaigns'
2021-01-13 17:30:39,545 INFO [org.geoserver] - Loaded feature type 'AUSTEn_campaigns_MAP', enabled
2021-01-13 17:30:39,545 INFO [org.geoserver] - Loaded layer 'AUSTEn_campaigns_MAP'
2021-01-13 17:30:39,545 INFO [org.geoserver] - Loaded feature type 'ETAS_monthly_url', enabled
2021-01-13 17:30:39,546 INFO [catalog.impl] - Layer imas:ETAS_monthly_url is missing the default style, assigning one automatically
2021-01-13 17:30:39,777 INFO [org.geoserver] - Loaded layer 'ETAS_monthly_url'
2021-01-13 17:30:39,780 INFO [org.geoserver] - Loaded data store 'IMASEastCoastPlankton', enabled
2021-01-13 17:30:39,783 INFO [org.geoserver] - Loaded feature type 'ECP_GEOSERVER_CHLOROPHYLL', enabled
2021-01-13 17:30:39,783 INFO [org.geoserver] - Loaded layer 'ECP_GEOSERVER_CHLOROPHYLL'
2021-01-13 17:30:39,784 INFO [org.geoserver] - Loaded feature type 'ECP_GEOSERVER_NUTRIENTS', enabled
2021-01-13 17:30:39,784 INFO [org.geoserver] - Loaded layer 'ECP_GEOSERVER_NUTRIENTS'
2021-01-13 17:30:39,785 INFO [org.geoserver] - Loaded feature type 'ECP_GEOSERVER_OCEANOGRAPHY', enabled
2021-01-13 17:30:39,785 INFO [org.geoserver] - Loaded layer 'ECP_GEOSERVER_OCEANOGRAPHY'
2021-01-13 17:30:39,786 INFO [org.geoserver] - Loaded feature type 'ECP_GEOSERVER_PHYTOPLANKTON', enabled
2021-01-13 17:30:39,786 INFO [org.geoserver] - Loaded layer 'ECP_GEOSERVER_PHYTOPLANKTON'
2021-01-13 17:30:39,787 INFO [org.geoserver] - Loaded feature type 'ECP_GEOSERVER_PIGMENT', enabled
2021-01-13 17:30:39,787 INFO [org.geoserver] - Loaded layer 'ECP_GEOSERVER_PIGMENT'
2021-01-13 17:30:39,788 INFO [org.geoserver] - Loaded feature type 'ECP_GEOSERVER_ZOOPLANKTON', enabled
2021-01-13 17:30:39,788 INFO [org.geoserver] - Loaded layer 'ECP_GEOSERVER_ZOOPLANKTON'
2021-01-13 17:30:39,791 INFO [org.geoserver] - Loaded data store 'IMASInshoreLoggers', enabled
2021-01-13 17:30:39,792 INFO [org.geoserver] - Loaded feature type 'IWT_LOGGER_GV_DATA', enabled
2021-01-13 17:30:39,792 INFO [org.geoserver] - Loaded layer 'IWT_LOGGER_GV_DATA'
2021-01-13 17:30:39,793 INFO [org.geoserver] - Loaded feature type 'IWT_LOGGER_GV_MAP', enabled
2021-01-13 17:30:39,793 INFO [org.geoserver] - Loaded layer 'IWT_LOGGER_GV_MAP'
2021-01-13 17:30:39,795 INFO [org.geoserver] - Loaded data store 'IMASMB', enabled
2021-01-13 17:30:39,797 INFO [org.geoserver] - Loaded feature type 'LTTRMP_SITE_SURVEY_SUMMARY', enabled
2021-01-13 17:30:39,798 INFO [org.geoserver] - Loaded layer 'LTTRMP_SITE_SURVEY_SUMMARY'
2021-01-13 17:30:39,798 INFO [org.geoserver] - Loaded feature type 'LTTRMP_SURVEYS', enabled
2021-01-13 17:30:39,798 INFO [org.geoserver] - Loaded layer 'LTTRMP_SURVEYS'
2021-01-13 17:30:39,799 INFO [org.geoserver] - Loaded feature type 'MB_EXTRACT_SAMPLE_FISH_ALL_DATA', enabled
2021-01-13 17:30:39,799 INFO [org.geoserver] - Loaded layer 'MB_EXTRACT_SAMPLE_FISH_ALL_DATA'
2021-01-13 17:30:39,800 INFO [org.geoserver] - Loaded feature type 'MB_EXTRACT_SAMPLE_FISH_ALL_MAP', enabled
2021-01-13 17:30:39,800 INFO [org.geoserver] - Loaded layer 'MB_EXTRACT_SAMPLE_FISH_ALL_MAP'
2021-01-13 17:30:39,801 INFO [org.geoserver] - Loaded feature type 'MB_EXTRACT_SAMPLE_INVERTEBRATE_ALL_DATA', enabled
2021-01-13 17:30:39,801 INFO [org.geoserver] - Loaded layer 'MB_EXTRACT_SAMPLE_INVERTEBRATE_ALL_DATA'
2021-01-13 17:30:39,802 INFO [org.geoserver] - Loaded feature type 'MB_EXTRACT_SAMPLE_INVERTEBRATE_ALL_MAP', enabled
2021-01-13 17:30:39,803 INFO [org.geoserver] - Loaded layer 'MB_EXTRACT_SAMPLE_INVERTEBRATE_ALL_MAP'
2021-01-13 17:30:39,803 INFO [org.geoserver] - Loaded feature type 'MB_EXTRACT_SAMPLE_QUADRAT_DATA', enabled
2021-01-13 17:30:39,804 INFO [org.geoserver] - Loaded layer 'MB_EXTRACT_SAMPLE_QUADRAT_DATA'
2021-01-13 17:30:39,804 INFO [org.geoserver] - Loaded feature type 'MB_EXTRACT_SAMPLE_QUADRAT_MAP', enabled
2021-01-13 17:30:39,805 INFO [org.geoserver] - Loaded layer 'MB_EXTRACT_SAMPLE_QUADRAT_MAP'
2021-01-13 17:30:39,806 INFO [org.geoserver] - Loaded coverage store 'RWatson_Global_Fisheries_Landings_2014', enabled
2021-01-13 17:30:39,807 INFO [org.geoserver] - Loaded coverage 'Catch2014', enabled
2021-01-13 17:30:39,807 INFO [org.geoserver] - Loaded layer 'Catch2014'
2021-01-13 17:30:39,807 INFO [org.geoserver] - Loaded coverage store 'RWatson_Global_Fisheries_Landings_2015', enabled
2021-01-13 17:30:39,809 INFO [org.geoserver] - Loaded coverage 'Catch2015', enabled
2021-01-13 17:30:39,809 INFO [org.geoserver] - Loaded layer 'Catch2015'
2021-01-13 17:30:39,810 INFO [org.geoserver] - Loaded coverage store 'Test Image Mosaic', enabled
2021-01-13 17:30:39,813 INFO [org.geoserver] - Loaded coverage 'testmosaic', enabled
2021-01-13 17:30:39,813 INFO [org.geoserver] - Loaded layer 'testmosaic'
2021-01-13 17:30:39,815 INFO [org.geoserver] - Loaded data store 'IMASRedmap', enabled
2021-01-13 17:30:39,826 INFO [org.geoserver] - Loaded feature type 'MB_SPECIES_DISTRIBUTION_REDMAP_VIEW', enabled
2021-01-13 17:30:39,826 INFO [org.geoserver] - Loaded layer 'MB_SPECIES_DISTRIBUTION_REDMAP_VIEW'
2021-01-13 17:30:39,827 INFO [org.geoserver] - Loaded feature type 'RM_SIGHTING_VIEW_DATA', enabled
2021-01-13 17:30:39,827 INFO [org.geoserver] - Loaded layer 'RM_SIGHTING_VIEW_DATA'
2021-01-13 17:30:39,828 INFO [org.geoserver] - Loaded feature type 'RM_SIGHTING_VIEW_MAP', enabled
2021-01-13 17:30:39,828 INFO [org.geoserver] - Loaded layer 'RM_SIGHTING_VIEW_MAP'
2021-01-13 17:30:39,830 INFO [org.geoserver] - Loaded data store 'IMASRLS', enabled
2021-01-13 17:30:39,832 INFO [org.geoserver] - Loaded feature type 'RLS_M3_DATA', enabled
2021-01-13 17:30:39,832 INFO [org.geoserver] - Loaded layer 'RLS_M3_DATA'
2021-01-13 17:30:39,833 INFO [org.geoserver] - Loaded feature type 'RLS_REEF_FISH_DATA', enabled
2021-01-13 17:30:39,833 INFO [org.geoserver] - Loaded layer 'RLS_REEF_FISH_DATA'
2021-01-13 17:30:39,834 INFO [org.geoserver] - Loaded feature type 'RLS_REEF_FISH_MAP', enabled
2021-01-13 17:30:39,834 INFO [org.geoserver] - Loaded layer 'RLS_REEF_FISH_MAP'
2021-01-13 17:30:39,840 INFO [org.geoserver] - Loaded wmsstore 'DigitalEarthAustralia', enabled
2021-01-13 17:30:39,855 INFO [org.geoserver] - Loaded resource 'DEA_NIDEM', enabled
2021-01-13 17:30:39,856 INFO [org.geoserver] - Loaded layer 'DEA_NIDEM'
2021-01-13 17:30:39,857 INFO [org.geoserver] - Loaded resource 'DEA_mangrove_cover', enabled
2021-01-13 17:30:39,857 INFO [org.geoserver] - Loaded layer 'DEA_mangrove_cover'
2021-01-13 17:30:39,858 INFO [org.geoserver] - Loaded coverage store 'Ecological_Disturbance_Index', enabled
2021-01-13 17:30:39,859 INFO [org.geoserver] - Loaded coverage 'EDI', enabled
2021-01-13 17:30:39,860 INFO [org.geoserver] - Loaded layer 'EDI'
2021-01-13 17:30:39,861 INFO [org.geoserver] - Loaded data store 'IMASSeamapAU', enabled
2021-01-13 17:30:39,877 INFO [org.geoserver] - Loaded feature type 'FINALPRODUCT_SeamapAus', enabled
2021-01-13 17:30:39,877 INFO [org.geoserver] - Loaded layer 'FINALPRODUCT_SeamapAus'
2021-01-13 17:30:39,878 INFO [org.geoserver] - Loaded feature type 'FINALPRODUCT_SeamapAus_archive_2018.11.26', enabled
2021-01-13 17:30:39,878 INFO [org.geoserver] - Loaded layer 'FINALPRODUCT_SeamapAus_archive_2018.11.26'
2021-01-13 17:30:39,879 INFO [org.geoserver] - Loaded feature type 'SeamapAus_AMP2018_MAP', enabled
2021-01-13 17:30:39,879 INFO [org.geoserver] - Loaded layer 'SeamapAus_AMP2018_MAP'
2021-01-13 17:30:39,880 INFO [org.geoserver] - Loaded feature type 'SeamapAus_BOUNDARIES_AMP2018_NETWORKS', enabled
2021-01-13 17:30:39,881 INFO [org.geoserver] - Loaded layer 'SeamapAus_BOUNDARIES_AMP2018_NETWORKS'
2021-01-13 17:30:39,882 INFO [org.geoserver] - Loaded feature type 'SeamapAus_BOUNDARIES_AMP2018_RESERVES', enabled
2021-01-13 17:30:39,882 INFO [org.geoserver] - Loaded layer 'SeamapAus_BOUNDARIES_AMP2018_RESERVES'
2021-01-13 17:30:39,883 INFO [org.geoserver] - Loaded feature type 'SeamapAus_BOUNDARIES_AMP2018_ZONES', enabled
2021-01-13 17:30:39,883 INFO [org.geoserver] - Loaded layer 'SeamapAus_BOUNDARIES_AMP2018_ZONES'
2021-01-13 17:30:39,884 INFO [org.geoserver] - Loaded feature type 'SeamapAus_BOUNDARIES_AMP2018_ZONE_X_NET', enabled
2021-01-13 17:30:39,884 INFO [org.geoserver] - Loaded layer 'SeamapAus_BOUNDARIES_AMP2018_ZONE_X_NET'
2021-01-13 17:30:39,885 INFO [org.geoserver] - Loaded feature type 'SeamapAus_BOUNDARIES_AMP2018_ZONE_X_RES', enabled
2021-01-13 17:30:39,885 INFO [org.geoserver] - Loaded layer 'SeamapAus_BOUNDARIES_AMP2018_ZONE_X_RES'
2021-01-13 17:30:39,886 INFO [org.geoserver] - Loaded feature type 'SeamapAus_BOUNDARIES_CMR2014', enabled
2021-01-13 17:30:39,887 INFO [org.geoserver] - Loaded layer 'SeamapAus_BOUNDARIES_CMR2014'
2021-01-13 17:30:39,888 INFO [org.geoserver] - Loaded feature type 'SeamapAus_BOUNDARIES_CMR2014_FULL', enabled
2021-01-13 17:30:39,888 INFO [org.geoserver] - Loaded layer 'SeamapAus_BOUNDARIES_CMR2014_FULL'
2021-01-13 17:30:39,889 INFO [org.geoserver] - Loaded feature type 'SeamapAus_BOUNDARIES_CoastalCompartments_1_FULL', enabled
2021-01-13 17:30:39,889 INFO [org.geoserver] - Loaded layer 'SeamapAus_BOUNDARIES_CoastalCompartments_1_FULL'
2021-01-13 17:30:39,890 INFO [org.geoserver] - Loaded feature type 'SeamapAus_BOUNDARIES_CoastalCompartments_2_FULL', enabled
2021-01-13 17:30:39,891 INFO [org.geoserver] - Loaded layer 'SeamapAus_BOUNDARIES_CoastalCompartments_2_FULL'
2021-01-13 17:30:39,892 INFO [org.geoserver] - Loaded feature type 'SeamapAus_BOUNDARIES_IMCRA_FULL', enabled
2021-01-13 17:30:39,892 INFO [org.geoserver] - Loaded layer 'SeamapAus_BOUNDARIES_IMCRA_FULL'
2021-01-13 17:30:39,893 INFO [org.geoserver] - Loaded feature type 'SeamapAus_BOUNDARIES_IMCRA_PROVBIO', enabled
2021-01-13 17:30:39,893 INFO [org.geoserver] - Loaded layer 'SeamapAus_BOUNDARIES_IMCRA_PROVBIO'
2021-01-13 17:30:39,894 INFO [org.geoserver] - Loaded feature type 'SeamapAus_BOUNDARIES_MEOW4326_FULL', enabled
2021-01-13 17:30:39,894 INFO [org.geoserver] - Loaded layer 'SeamapAus_BOUNDARIES_MEOW4326_FULL'
2021-01-13 17:30:39,894 INFO [org.geoserver] - Loaded feature type 'SeamapAus_BOUNDARIES_MEOW4326_PROV', enabled
2021-01-13 17:30:39,895 INFO [org.geoserver] - Loaded layer 'SeamapAus_BOUNDARIES_MEOW4326_PROV'
2021-01-13 17:30:39,895 INFO [org.geoserver] - Loaded feature type 'SeamapAus_CAPAD', enabled
2021-01-13 17:30:39,896 INFO [org.geoserver] - Loaded layer 'SeamapAus_CAPAD'
2021-01-13 17:30:39,897 INFO [org.geoserver] - Loaded feature type 'SeamapAus_CAPAD_MAP', enabled
2021-01-13 17:30:39,897 INFO [org.geoserver] - Loaded layer 'SeamapAus_CAPAD_MAP'
2021-01-13 17:30:39,898 INFO [org.geoserver] - Loaded feature type 'SeamapAus_CONTOURS_1m', enabled
2021-01-13 17:30:39,899 INFO [org.geoserver] - Loaded layer 'SeamapAus_CONTOURS_1m'
2021-01-13 17:30:39,900 INFO [org.geoserver] - Loaded feature type 'SeamapAus_CONTOURS_5m', enabled
2021-01-13 17:30:39,900 INFO [org.geoserver] - Loaded layer 'SeamapAus_CONTOURS_5m'
2021-01-13 17:30:39,901 INFO [org.geoserver] - Loaded feature type 'SeamapAus_NAT_Aus_margin_geomorph_2006', enabled
2021-01-13 17:30:39,901 INFO [org.geoserver] - Loaded layer 'SeamapAus_NAT_Aus_margin_geomorph_2006'
2021-01-13 17:30:39,902 INFO [org.geoserver] - Loaded feature type 'SeamapAus_NAT_Aus_margin_geomorph_2006_DATA', enabled
2021-01-13 17:30:39,903 INFO [org.geoserver] - Loaded layer 'SeamapAus_NAT_Aus_margin_geomorph_2006_DATA'
2021-01-13 17:30:39,904 INFO [org.geoserver] - Loaded feature type 'SeamapAus_NAT_CAMRIS_benthic_substrate', enabled
2021-01-13 17:30:39,904 INFO [org.geoserver] - Loaded layer 'SeamapAus_NAT_CAMRIS_benthic_substrate'
2021-01-13 17:30:39,905 INFO [org.geoserver] - Loaded feature type 'SeamapAus_NAT_CAMRIS_seagrass', enabled
2021-01-13 17:30:39,905 INFO [org.geoserver] - Loaded layer 'SeamapAus_NAT_CAMRIS_seagrass'
2021-01-13 17:30:39,906 INFO [org.geoserver] - Loaded feature type 'SeamapAus_NAT_CoastalGeomorph_OffshoreRC100K', enabled
2021-01-13 17:30:39,906 INFO [org.geoserver] - Loaded layer 'SeamapAus_NAT_CoastalGeomorph_OffshoreRC100K'
2021-01-13 17:30:39,907 INFO [org.geoserver] - Loaded feature type 'SeamapAus_NAT_CoastalGeomorph_OzEstuariesRC100K', enabled
2021-01-13 17:30:39,907 INFO [org.geoserver] - Loaded layer 'SeamapAus_NAT_CoastalGeomorph_OzEstuariesRC100K'
2021-01-13 17:30:39,908 INFO [org.geoserver] - Loaded feature type 'SeamapAus_NAT_CoastalGeomorph_RC100K', enabled
2021-01-13 17:30:39,909 INFO [org.geoserver] - Loaded layer 'SeamapAus_NAT_CoastalGeomorph_RC100K'
2021-01-13 17:30:39,910 INFO [org.geoserver] - Loaded feature type 'SeamapAus_NAT_CoastalGeomorph_RC25K', enabled
2021-01-13 17:30:39,910 INFO [org.geoserver] - Loaded layer 'SeamapAus_NAT_CoastalGeomorph_RC25K'
2021-01-13 17:30:39,911 INFO [org.geoserver] - Loaded feature type 'SeamapAus_NAT_CoastalGeomorph_RC50K', enabled
2021-01-13 17:30:39,911 INFO [org.geoserver] - Loaded layer 'SeamapAus_NAT_CoastalGeomorph_RC50K'
2021-01-13 17:30:39,912 INFO [org.geoserver] - Loaded feature type 'SeamapAus_NAT_CoastalGeomorph_Regolith25K', enabled
2021-01-13 17:30:39,913 INFO [org.geoserver] - Loaded layer 'SeamapAus_NAT_CoastalGeomorph_Regolith25K'
2021-01-13 17:30:39,914 INFO [org.geoserver] - Loaded feature type 'SeamapAus_NAT_CoastalGeomorph_Smartline100K', enabled
2021-01-13 17:30:39,914 INFO [org.geoserver] - Loaded layer 'SeamapAus_NAT_CoastalGeomorph_Smartline100K'
2021-01-13 17:30:39,915 INFO [org.geoserver] - Loaded feature type 'SeamapAus_NAT_CoastalGeomorph_Smartline100K_DATA', enabled
2021-01-13 17:30:39,915 INFO [org.geoserver] - Loaded layer 'SeamapAus_NAT_CoastalGeomorph_Smartline100K_DATA'
2021-01-13 17:30:39,916 INFO [org.geoserver] - Loaded feature type 'SeamapAus_NAT_CoastalGeomorph_SurfaceGeoRC100K', enabled
2021-01-13 17:30:39,916 INFO [org.geoserver] - Loaded layer 'SeamapAus_NAT_CoastalGeomorph_SurfaceGeoRC100K'
2021-01-13 17:30:39,917 INFO [org.geoserver] - Loaded feature type 'SeamapAus_NAT_CoastalGeomorph_SurfaceGeoRC250K', enabled
2021-01-13 17:30:39,918 INFO [org.geoserver] - Loaded layer 'SeamapAus_NAT_CoastalGeomorph_SurfaceGeoRC250K'
2021-01-13 17:30:39,918 INFO [org.geoserver] - Loaded feature type 'SeamapAus_NAT_CoastalGeomorph_SurfaceGeoRC25K', enabled
2021-01-13 17:30:39,919 INFO [org.geoserver] - Loaded layer 'SeamapAus_NAT_CoastalGeomorph_SurfaceGeoRC25K'
2021-01-13 17:30:39,920 INFO [org.geoserver] - Loaded feature type 'SeamapAus_NAT_CoastalWaterways_geomorphic', enabled
2021-01-13 17:30:39,920 INFO [org.geoserver] - Loaded layer 'SeamapAus_NAT_CoastalWaterways_geomorphic'
2021-01-13 17:30:39,921 INFO [org.geoserver] - Loaded feature type 'SeamapAus_NSW_estuarine_inventory', enabled
2021-01-13 17:30:39,921 INFO [org.geoserver] - Loaded layer 'SeamapAus_NSW_estuarine_inventory'
2021-01-13 17:30:39,922 INFO [org.geoserver] - Loaded feature type 'SeamapAus_NSW_estuarine_macrophytes', enabled
2021-01-13 17:30:39,923 INFO [org.geoserver] - Loaded layer 'SeamapAus_NSW_estuarine_macrophytes'
2021-01-13 17:30:39,924 INFO [org.geoserver] - Loaded feature type 'SeamapAus_NSW_estuary_ecosystems_2002', enabled
2021-01-13 17:30:39,924 INFO [org.geoserver] - Loaded layer 'SeamapAus_NSW_estuary_ecosystems_2002'
2021-01-13 17:30:39,925 INFO [org.geoserver] - Loaded feature type 'SeamapAus_NSW_marine_habitats_2002', enabled
2021-01-13 17:30:39,925 INFO [org.geoserver] - Loaded layer 'SeamapAus_NSW_marine_habitats_2002'
2021-01-13 17:30:39,926 INFO [org.geoserver] - Loaded feature type 'SeamapAus_NSW_marine_habitats_2013', enabled
2021-01-13 17:30:39,926 INFO [org.geoserver] - Loaded layer 'SeamapAus_NSW_marine_habitats_2013'
2021-01-13 17:30:39,927 INFO [org.geoserver] - Loaded feature type 'SeamapAus_NSW_ocean_ecosystems_2002', enabled
2021-01-13 17:30:39,928 INFO [org.geoserver] - Loaded layer 'SeamapAus_NSW_ocean_ecosystems_2002'
2021-01-13 17:30:39,929 INFO [org.geoserver] - Loaded feature type 'SeamapAus_NT_BynoeHarbour_mangrove', enabled
2021-01-13 17:30:39,929 INFO [org.geoserver] - Loaded layer 'SeamapAus_NT_BynoeHarbour_mangrove'
2021-01-13 17:30:39,930 INFO [org.geoserver] - Loaded feature type 'SeamapAus_NT_BynoeHarbour_mangrove_MAP', enabled
2021-01-13 17:30:39,930 INFO [org.geoserver] - Loaded layer 'SeamapAus_NT_BynoeHarbour_mangrove_MAP'
2021-01-13 17:30:39,931 INFO [org.geoserver] - Loaded feature type 'SeamapAus_NT_DarwinHarbour_mangrove', enabled
2021-01-13 17:30:39,931 INFO [org.geoserver] - Loaded layer 'SeamapAus_NT_DarwinHarbour_mangrove'
2021-01-13 17:30:39,932 INFO [org.geoserver] - Loaded feature type 'SeamapAus_NT_DarwinHarbour_mangrove_MAP', enabled
2021-01-13 17:30:39,932 INFO [org.geoserver] - Loaded layer 'SeamapAus_NT_DarwinHarbour_mangrove_MAP'
2021-01-13 17:30:39,933 INFO [org.geoserver] - Loaded feature type 'SeamapAus_NT_DarwinHarbour_seabed_mapping', enabled
2021-01-13 17:30:39,934 INFO [org.geoserver] - Loaded layer 'SeamapAus_NT_DarwinHarbour_seabed_mapping'
2021-01-13 17:30:39,934 INFO [org.geoserver] - Loaded feature type 'SeamapAus_NT_DarwinHarbour_seabed_mapping_DATA', enabled
2021-01-13 17:30:39,935 INFO [org.geoserver] - Loaded layer 'SeamapAus_NT_DarwinHarbour_seabed_mapping_DATA'
2021-01-13 17:30:39,936 INFO [org.geoserver] - Loaded feature type 'SeamapAus_NT_EastMiddleArms_communities', enabled
2021-01-13 17:30:39,936 INFO [org.geoserver] - Loaded layer 'SeamapAus_NT_EastMiddleArms_communities'
2021-01-13 17:30:39,937 INFO [org.geoserver] - Loaded feature type 'SeamapAus_NT_EastMiddleArms_communities_MAP', enabled
2021-01-13 17:30:39,937 INFO [org.geoserver] - Loaded layer 'SeamapAus_NT_EastMiddleArms_communities_MAP'
2021-01-13 17:30:39,938 INFO [org.geoserver] - Loaded feature type 'SeamapAus_NT_EastMiddleArms_habitats', enabled
2021-01-13 17:30:39,938 INFO [org.geoserver] - Loaded layer 'SeamapAus_NT_EastMiddleArms_habitats'
2021-01-13 17:30:39,939 INFO [org.geoserver] - Loaded feature type 'SeamapAus_NT_EastMiddleArms_habitats_MAP', enabled
2021-01-13 17:30:39,939 INFO [org.geoserver] - Loaded layer 'SeamapAus_NT_EastMiddleArms_habitats_MAP'
2021-01-13 17:30:39,940 INFO [org.geoserver] - Loaded feature type 'SeamapAus_NT_OceanicShoals_geomorphology', enabled
2021-01-13 17:30:39,940 INFO [org.geoserver] - Loaded layer 'SeamapAus_NT_OceanicShoals_geomorphology'
2021-01-13 17:30:39,941 INFO [org.geoserver] - Loaded feature type 'SeamapAus_NT_OceanicShoals_geomorphology_MAP', enabled
2021-01-13 17:30:39,941 INFO [org.geoserver] - Loaded layer 'SeamapAus_NT_OceanicShoals_geomorphology_MAP'
2021-01-13 17:30:39,942 INFO [org.geoserver] - Loaded feature type 'SeamapAus_NT_PetrelBasin_geomorphology', enabled
2021-01-13 17:30:39,942 INFO [org.geoserver] - Loaded layer 'SeamapAus_NT_PetrelBasin_geomorphology'
2021-01-13 17:30:39,943 INFO [org.geoserver] - Loaded feature type 'SeamapAus_NT_PetrelBasin_geomorphology_MAP', enabled
2021-01-13 17:30:39,943 INFO [org.geoserver] - Loaded layer 'SeamapAus_NT_PetrelBasin_geomorphology_MAP'
2021-01-13 17:30:39,945 INFO [org.geoserver] - Loaded feature type 'SeamapAus_NT_mangroves_100', enabled
2021-01-13 17:30:39,945 INFO [org.geoserver] - Loaded layer 'SeamapAus_NT_mangroves_100'
2021-01-13 17:30:39,946 INFO [org.geoserver] - Loaded feature type 'SeamapAus_NT_mangroves_LudmillaCreek', enabled
2021-01-13 17:30:39,946 INFO [org.geoserver] - Loaded layer 'SeamapAus_NT_mangroves_LudmillaCreek'
2021-01-13 17:30:39,947 INFO [org.geoserver] - Loaded feature type 'SeamapAus_NT_mangroves_LudmillaCreek_MAP', enabled
2021-01-13 17:30:39,947 INFO [org.geoserver] - Loaded layer 'SeamapAus_NT_mangroves_LudmillaCreek_MAP'
2021-01-13 17:30:39,948 INFO [org.geoserver] - Loaded feature type 'SeamapAus_NT_seagrass', enabled
2021-01-13 17:30:39,948 INFO [org.geoserver] - Loaded layer 'SeamapAus_NT_seagrass'
2021-01-13 17:30:39,949 INFO [org.geoserver] - Loaded feature type 'SeamapAus_QLD_EasternBanks_seagrass_biomass', enabled
2021-01-13 17:30:39,950 INFO [org.geoserver] - Loaded layer 'SeamapAus_QLD_EasternBanks_seagrass_biomass'
2021-01-13 17:30:39,950 INFO [org.geoserver] - Loaded feature type 'SeamapAus_QLD_EasternBanks_seagrass_biomass_MAP', enabled
2021-01-13 17:30:39,951 INFO [org.geoserver] - Loaded layer 'SeamapAus_QLD_EasternBanks_seagrass_biomass_MAP'
2021-01-13 17:30:39,951 INFO [org.geoserver] - Loaded feature type 'SeamapAus_QLD_EasternBanks_seagrass_cover', enabled
2021-01-13 17:30:39,952 INFO [org.geoserver] - Loaded layer 'SeamapAus_QLD_EasternBanks_seagrass_cover'
2021-01-13 17:30:39,953 INFO [org.geoserver] - Loaded feature type 'SeamapAus_QLD_EasternBanks_seagrass_cover_MAP', enabled
2021-01-13 17:30:39,953 INFO [org.geoserver] - Loaded layer 'SeamapAus_QLD_EasternBanks_seagrass_cover_MAP'
2021-01-13 17:30:39,954 INFO [org.geoserver] - Loaded feature type 'SeamapAus_QLD_EasternBanks_seagrass_species', enabled
2021-01-13 17:30:39,954 INFO [org.geoserver] - Loaded layer 'SeamapAus_QLD_EasternBanks_seagrass_species'
2021-01-13 17:30:39,955 INFO [org.geoserver] - Loaded feature type 'SeamapAus_QLD_EasternBanks_seagrass_species_MAP', enabled
2021-01-13 17:30:39,955 INFO [org.geoserver] - Loaded layer 'SeamapAus_QLD_EasternBanks_seagrass_species_MAP'
2021-01-13 17:30:39,956 INFO [org.geoserver] - Loaded feature type 'SeamapAus_QLD_GBRWHA_seagrass', enabled
2021-01-13 17:30:39,957 INFO [org.geoserver] - Loaded layer 'SeamapAus_QLD_GBRWHA_seagrass'
2021-01-13 17:30:39,957 INFO [org.geoserver] - Loaded feature type 'SeamapAus_QLD_GBR_features', enabled
2021-01-13 17:30:39,958 INFO [org.geoserver] - Loaded layer 'SeamapAus_QLD_GBR_features'
2021-01-13 17:30:39,958 INFO [org.geoserver] - Loaded feature type 'SeamapAus_QLD_GoldCoast_seagrass', enabled
2021-01-13 17:30:39,959 INFO [org.geoserver] - Loaded layer 'SeamapAus_QLD_GoldCoast_seagrass'
2021-01-13 17:30:39,960 INFO [org.geoserver] - Loaded feature type 'SeamapAus_QLD_GoldCoast_seagrass_MAP', enabled
2021-01-13 17:30:39,960 INFO [org.geoserver] - Loaded layer 'SeamapAus_QLD_GoldCoast_seagrass_MAP'
2021-01-13 17:30:39,961 INFO [org.geoserver] - Loaded feature type 'SeamapAus_QLD_HeronReef_benthiccomm', enabled
2021-01-13 17:30:39,961 INFO [org.geoserver] - Loaded layer 'SeamapAus_QLD_HeronReef_benthiccomm'
2021-01-13 17:30:39,962 INFO [org.geoserver] - Loaded feature type 'SeamapAus_QLD_HeronReef_benthiccomm_MAP', enabled
2021-01-13 17:30:39,962 INFO [org.geoserver] - Loaded layer 'SeamapAus_QLD_HeronReef_benthiccomm_MAP'
2021-01-13 17:30:39,963 INFO [org.geoserver] - Loaded feature type 'SeamapAus_QLD_HeronReef_geomorph', enabled
2021-01-13 17:30:39,963 INFO [org.geoserver] - Loaded layer 'SeamapAus_QLD_HeronReef_geomorph'
2021-01-13 17:30:39,964 INFO [org.geoserver] - Loaded feature type 'SeamapAus_QLD_HeronReef_geomorph_MAP', enabled
2021-01-13 17:30:39,964 INFO [org.geoserver] - Loaded layer 'SeamapAus_QLD_HeronReef_geomorph_MAP'
2021-01-13 17:30:39,965 INFO [org.geoserver] - Loaded feature type 'SeamapAus_QLD_LowIsles_seagrass', enabled
2021-01-13 17:30:39,965 INFO [org.geoserver] - Loaded layer 'SeamapAus_QLD_LowIsles_seagrass'
2021-01-13 17:30:39,966 INFO [org.geoserver] - Loaded feature type 'SeamapAus_QLD_LowIsles_seagrass_MAP', enabled
2021-01-13 17:30:39,966 INFO [org.geoserver] - Loaded layer 'SeamapAus_QLD_LowIsles_seagrass_MAP'
2021-01-13 17:30:39,967 INFO [org.geoserver] - Loaded feature type 'SeamapAus_QLD_MoretonBay_broadscale', enabled
2021-01-13 17:30:39,967 INFO [org.geoserver] - Loaded layer 'SeamapAus_QLD_MoretonBay_broadscale'
2021-01-13 17:30:39,968 INFO [org.geoserver] - Loaded feature type 'SeamapAus_QLD_MoretonBay_coral', enabled
2021-01-13 17:30:39,969 INFO [org.geoserver] - Loaded layer 'SeamapAus_QLD_MoretonBay_coral'
2021-01-13 17:30:39,970 INFO [org.geoserver] - Loaded feature type 'SeamapAus_QLD_MoretonBay_coral_MAP', enabled
2021-01-13 17:30:39,970 INFO [org.geoserver] - Loaded layer 'SeamapAus_QLD_MoretonBay_coral_MAP'
2021-01-13 17:30:39,971 INFO [org.geoserver] - Loaded feature type 'SeamapAus_QLD_MoretonBay_seagrass_2004', enabled
2021-01-13 17:30:39,971 INFO [org.geoserver] - Loaded layer 'SeamapAus_QLD_MoretonBay_seagrass_2004'
2021-01-13 17:30:39,972 INFO [org.geoserver] - Loaded feature type 'SeamapAus_QLD_MoretonBay_seagrass_2004_MAP', enabled
2021-01-13 17:30:39,972 INFO [org.geoserver] - Loaded layer 'SeamapAus_QLD_MoretonBay_seagrass_2004_MAP'
2021-01-13 17:30:39,973 INFO [org.geoserver] - Loaded feature type 'SeamapAus_QLD_MoretonBay_seagrass_2011', enabled
2021-01-13 17:30:39,973 INFO [org.geoserver] - Loaded layer 'SeamapAus_QLD_MoretonBay_seagrass_2011'
2021-01-13 17:30:39,974 INFO [org.geoserver] - Loaded feature type 'SeamapAus_QLD_MoretonBay_seagrass_2011_MAP', enabled
2021-01-13 17:30:39,974 INFO [org.geoserver] - Loaded layer 'SeamapAus_QLD_MoretonBay_seagrass_2011_MAP'
2021-01-13 17:30:39,975 INFO [org.geoserver] - Loaded feature type 'SeamapAus_QLD_NWTorresStrait_seagrass', enabled
2021-01-13 17:30:39,975 INFO [org.geoserver] - Loaded layer 'SeamapAus_QLD_NWTorresStrait_seagrass'
2021-01-13 17:30:39,976 INFO [org.geoserver] - Loaded feature type 'SeamapAus_QLD_NWTorresStrait_seagrass_MAP', enabled
2021-01-13 17:30:39,977 INFO [org.geoserver] - Loaded layer 'SeamapAus_QLD_NWTorresStrait_seagrass_MAP'
2021-01-13 17:30:39,977 INFO [org.geoserver] - Loaded feature type 'SeamapAus_QLD_PointLookout_ecology', enabled
2021-01-13 17:30:39,978 INFO [org.geoserver] - Loaded layer 'SeamapAus_QLD_PointLookout_ecology'
2021-01-13 17:30:39,979 INFO [org.geoserver] - Loaded feature type 'SeamapAus_QLD_PointLookout_ecology_MAP', enabled
2021-01-13 17:30:39,979 INFO [org.geoserver] - Loaded layer 'SeamapAus_QLD_PointLookout_ecology_MAP'
2021-01-13 17:30:39,980 INFO [org.geoserver] - Loaded feature type 'SeamapAus_QLD_TorresStrait_seagrass_intertidal', enabled
2021-01-13 17:30:39,980 INFO [org.geoserver] - Loaded layer 'SeamapAus_QLD_TorresStrait_seagrass_intertidal'
2021-01-13 17:30:39,981 INFO [org.geoserver] - Loaded feature type 'SeamapAus_QLD_TorresStrait_seagrass_subtidal', enabled
2021-01-13 17:30:39,981 INFO [org.geoserver] - Loaded layer 'SeamapAus_QLD_TorresStrait_seagrass_subtidal'
2021-01-13 17:30:39,982 INFO [org.geoserver] - Loaded feature type 'SeamapAus_QLD_coastal_wetlands', enabled
2021-01-13 17:30:39,982 INFO [org.geoserver] - Loaded layer 'SeamapAus_QLD_coastal_wetlands'
2021-01-13 17:30:39,983 INFO [org.geoserver] - Loaded feature type 'SeamapAus_QLD_reefs_shoals', enabled
2021-01-13 17:30:39,983 INFO [org.geoserver] - Loaded layer 'SeamapAus_QLD_reefs_shoals'
2021-01-13 17:30:39,985 INFO [org.geoserver] - Loaded feature type 'SeamapAus_QLD_wetland_v4', enabled
2021-01-13 17:30:39,985 INFO [org.geoserver] - Loaded layer 'SeamapAus_QLD_wetland_v4'
2021-01-13 17:30:39,986 INFO [org.geoserver] - Loaded feature type 'SeamapAus_SA_state_benthic_habitats', enabled
2021-01-13 17:30:39,986 INFO [org.geoserver] - Loaded layer 'SeamapAus_SA_state_benthic_habitats'
2021-01-13 17:30:39,987 INFO [org.geoserver] - Loaded feature type 'SeamapAus_TAS_Huon_geomorph', enabled
2021-01-13 17:30:39,987 INFO [org.geoserver] - Loaded layer 'SeamapAus_TAS_Huon_geomorph'
2021-01-13 17:30:39,988 INFO [org.geoserver] - Loaded feature type 'SeamapAus_TAS_SeamapTas', enabled
2021-01-13 17:30:39,988 INFO [org.geoserver] - Loaded layer 'SeamapAus_TAS_SeamapTas'
2021-01-13 17:30:39,989 INFO [org.geoserver] - Loaded feature type 'SeamapAus_TAS_TasFracture_geomorph', enabled
2021-01-13 17:30:39,990 INFO [org.geoserver] - Loaded layer 'SeamapAus_TAS_TasFracture_geomorph'
2021-01-13 17:30:39,991 INFO [org.geoserver] - Loaded feature type 'SeamapAus_VIC_GippslandLakes_biotopes', enabled
2021-01-13 17:30:39,991 INFO [org.geoserver] - Loaded layer 'SeamapAus_VIC_GippslandLakes_biotopes'
2021-01-13 17:30:39,992 INFO [org.geoserver] - Loaded feature type 'SeamapAus_VIC_OpenCoast_biotopes', enabled
2021-01-13 17:30:39,992 INFO [org.geoserver] - Loaded layer 'SeamapAus_VIC_OpenCoast_biotopes'
2021-01-13 17:30:39,993 INFO [org.geoserver] - Loaded feature type 'SeamapAus_VIC_PPB_biotopes', enabled
2021-01-13 17:30:39,993 INFO [org.geoserver] - Loaded layer 'SeamapAus_VIC_PPB_biotopes'
2021-01-13 17:30:39,994 INFO [org.geoserver] - Loaded feature type 'SeamapAus_VIC_WPB_biotopes', enabled
2021-01-13 17:30:39,994 INFO [org.geoserver] - Loaded layer 'SeamapAus_VIC_WPB_biotopes'
2021-01-13 17:30:39,995 INFO [org.geoserver] - Loaded feature type 'SeamapAus_WA_CockburnSound_mapping', enabled
2021-01-13 17:30:39,995 INFO [org.geoserver] - Loaded layer 'SeamapAus_WA_CockburnSound_mapping'
2021-01-13 17:30:39,996 INFO [org.geoserver] - Loaded feature type 'SeamapAus_WA_CockburnSound_mapping_MAP', enabled
2021-01-13 17:30:39,996 INFO [org.geoserver] - Loaded layer 'SeamapAus_WA_CockburnSound_mapping_MAP'
2021-01-13 17:30:39,997 INFO [org.geoserver] - Loaded feature type 'SeamapAus_WA_CockburnSound_seagrass_1999', enabled
2021-01-13 17:30:39,997 INFO [org.geoserver] - Loaded layer 'SeamapAus_WA_CockburnSound_seagrass_1999'
2021-01-13 17:30:39,998 INFO [org.geoserver] - Loaded feature type 'SeamapAus_WA_CockburnSound_seagrass_1999_MAP', enabled
2021-01-13 17:30:39,998 INFO [org.geoserver] - Loaded layer 'SeamapAus_WA_CockburnSound_seagrass_1999_MAP'
2021-01-13 17:30:39,999 INFO [org.geoserver] - Loaded feature type 'SeamapAus_WA_DPAW_marine_habitats', enabled
2021-01-13 17:30:39,999 INFO [org.geoserver] - Loaded layer 'SeamapAus_WA_DPAW_marine_habitats'
2021-01-13 17:30:40,000 INFO [org.geoserver] - Loaded feature type 'SeamapAus_WA_MOU74_AshmoreReef', enabled
2021-01-13 17:30:40,001 INFO [org.geoserver] - Loaded layer 'SeamapAus_WA_MOU74_AshmoreReef'
2021-01-13 17:30:40,001 INFO [org.geoserver] - Loaded feature type 'SeamapAus_WA_MOU74_AshmoreReef_MAP', enabled
2021-01-13 17:30:40,001 INFO [org.geoserver] - Loaded layer 'SeamapAus_WA_MOU74_AshmoreReef_MAP'
2021-01-13 17:30:40,002 INFO [org.geoserver] - Loaded feature type 'SeamapAus_WA_MOU74_ScottReef', enabled
2021-01-13 17:30:40,003 INFO [org.geoserver] - Loaded layer 'SeamapAus_WA_MOU74_ScottReef'
2021-01-13 17:30:40,003 INFO [org.geoserver] - Loaded feature type 'SeamapAus_WA_MOU74_ScottReef_MAP', enabled
2021-01-13 17:30:40,004 INFO [org.geoserver] - Loaded layer 'SeamapAus_WA_MOU74_ScottReef_MAP'
2021-01-13 17:30:40,005 INFO [org.geoserver] - Loaded feature type 'SeamapAus_WA_MarineFutures_biota', enabled
2021-01-13 17:30:40,005 INFO [org.geoserver] - Loaded layer 'SeamapAus_WA_MarineFutures_biota'
2021-01-13 17:30:40,006 INFO [org.geoserver] - Loaded feature type 'SeamapAus_WA_MarineFutures_biota_MAP', enabled
2021-01-13 17:30:40,006 INFO [org.geoserver] - Loaded layer 'SeamapAus_WA_MarineFutures_biota_MAP'
2021-01-13 17:30:40,007 INFO [org.geoserver] - Loaded feature type 'SeamapAus_WA_MarineFutures_biota_TEST', enabled
2021-01-13 17:30:40,007 INFO [org.geoserver] - Loaded layer 'SeamapAus_WA_MarineFutures_biota_TEST'
2021-01-13 17:30:40,008 INFO [org.geoserver] - Loaded feature type 'SeamapAus_WA_MarineFutures_reef', enabled
2021-01-13 17:30:40,008 INFO [org.geoserver] - Loaded layer 'SeamapAus_WA_MarineFutures_reef'
2021-01-13 17:30:40,009 INFO [org.geoserver] - Loaded feature type 'SeamapAus_WA_MarineFutures_reef_MAP', enabled
2021-01-13 17:30:40,009 INFO [org.geoserver] - Loaded layer 'SeamapAus_WA_MarineFutures_reef_MAP'
2021-01-13 17:30:40,010 INFO [org.geoserver] - Loaded feature type 'SeamapAus_WA_NWShelf_ecosystems', enabled
2021-01-13 17:30:40,010 INFO [org.geoserver] - Loaded layer 'SeamapAus_WA_NWShelf_ecosystems'
2021-01-13 17:30:40,011 INFO [org.geoserver] - Loaded feature type 'SeamapAus_WA_NWShelf_ecosystems_DATA', enabled
2021-01-13 17:30:40,011 INFO [org.geoserver] - Loaded layer 'SeamapAus_WA_NWShelf_ecosystems_DATA'
2021-01-13 17:30:40,012 INFO [org.geoserver] - Loaded feature type 'SeamapAus_WA_Seagrass_Synthesis_2013', enabled
2021-01-13 17:30:40,012 INFO [org.geoserver] - Loaded layer 'SeamapAus_WA_Seagrass_Synthesis_2013'
2021-01-13 17:30:40,013 INFO [org.geoserver] - Loaded feature type 'SeamapAus_WA_seagrass_Beaufort_2009', enabled
2021-01-13 17:30:40,013 INFO [org.geoserver] - Loaded layer 'SeamapAus_WA_seagrass_Beaufort_2009'
2021-01-13 17:30:40,014 INFO [org.geoserver] - Loaded feature type 'SeamapAus_WA_seagrass_HardyInlet_2008', enabled
2021-01-13 17:30:40,014 INFO [org.geoserver] - Loaded layer 'SeamapAus_WA_seagrass_HardyInlet_2008'
2021-01-13 17:30:40,015 INFO [org.geoserver] - Loaded feature type 'SeamapAus_WA_seagrass_IrwinInlet_2009', enabled
2021-01-13 17:30:40,015 INFO [org.geoserver] - Loaded layer 'SeamapAus_WA_seagrass_IrwinInlet_2009'
2021-01-13 17:30:40,016 INFO [org.geoserver] - Loaded feature type 'SeamapAus_WA_seagrass_Leschenault_2009', enabled
2021-01-13 17:30:40,016 INFO [org.geoserver] - Loaded layer 'SeamapAus_WA_seagrass_Leschenault_2009'
2021-01-13 17:30:40,017 INFO [org.geoserver] - Loaded feature type 'SeamapAus_WA_seagrass_OysterHarbour_1988', enabled
2021-01-13 17:30:40,017 INFO [org.geoserver] - Loaded layer 'SeamapAus_WA_seagrass_OysterHarbour_1988'
2021-01-13 17:30:40,018 INFO [org.geoserver] - Loaded feature type 'SeamapAus_WA_seagrass_OysterHarbour_1996', enabled
2021-01-13 17:30:40,018 INFO [org.geoserver] - Loaded layer 'SeamapAus_WA_seagrass_OysterHarbour_1996'
2021-01-13 17:30:40,019 INFO [org.geoserver] - Loaded feature type 'SeamapAus_WA_seagrass_OysterHarbour_2006', enabled
2021-01-13 17:30:40,020 INFO [org.geoserver] - Loaded layer 'SeamapAus_WA_seagrass_OysterHarbour_2006'
2021-01-13 17:30:40,020 INFO [org.geoserver] - Loaded feature type 'SeamapAus_WA_seagrass_PrincessRoyal_1996', enabled
2021-01-13 17:30:40,021 INFO [org.geoserver] - Loaded layer 'SeamapAus_WA_seagrass_PrincessRoyal_1996'
2021-01-13 17:30:40,022 INFO [org.geoserver] - Loaded feature type 'SeamapAus_WA_seagrass_PrincessRoyal_2006', enabled
2021-01-13 17:30:40,022 INFO [org.geoserver] - Loaded layer 'SeamapAus_WA_seagrass_PrincessRoyal_2006'
2021-01-13 17:30:40,023 INFO [org.geoserver] - Loaded feature type 'SeamapAus_WA_seagrass_StokesInlet_2009', enabled
2021-01-13 17:30:40,023 INFO [org.geoserver] - Loaded layer 'SeamapAus_WA_seagrass_StokesInlet_2009'
2021-01-13 17:30:40,024 INFO [org.geoserver] - Loaded feature type 'SeamapAus_WA_seagrass_SwanCanning_2011', enabled
2021-01-13 17:30:40,024 INFO [org.geoserver] - Loaded layer 'SeamapAus_WA_seagrass_SwanCanning_2011'
2021-01-13 17:30:40,025 INFO [org.geoserver] - Loaded feature type 'SeamapAus_WA_seagrass_Walpole_Nornalup_2009', enabled
2021-01-13 17:30:40,025 INFO [org.geoserver] - Loaded layer 'SeamapAus_WA_seagrass_Walpole_Nornalup_2009'
2021-01-13 17:30:40,026 INFO [org.geoserver] - Loaded feature type 'SeamapAus_WA_seagrass_WellsteadEstuary_2009', enabled
2021-01-13 17:30:40,026 INFO [org.geoserver] - Loaded layer 'SeamapAus_WA_seagrass_WellsteadEstuary_2009'
2021-01-13 17:30:40,027 INFO [org.geoserver] - Loaded feature type 'SeamapAus_WA_seagrass_WilsonInlet_2007', enabled
2021-01-13 17:30:40,027 INFO [org.geoserver] - Loaded layer 'SeamapAus_WA_seagrass_WilsonInlet_2007'
2021-01-13 17:30:40,028 INFO [org.geoserver] - Loaded feature type 'SeamapAus_WA_seagrass_WilsonInlet_2008', enabled
2021-01-13 17:30:40,028 INFO [org.geoserver] - Loaded layer 'SeamapAus_WA_seagrass_WilsonInlet_2008'
2021-01-13 17:30:40,029 INFO [org.geoserver] - Loaded feature type 'SeamapTAS_contours_5m', enabled
2021-01-13 17:30:40,029 INFO [org.geoserver] - Loaded layer 'SeamapTAS_contours_5m'
2021-01-13 17:30:40,030 INFO [org.geoserver] - Loaded feature type 'SeamapTAS_habitats_described', enabled
2021-01-13 17:30:40,030 INFO [org.geoserver] - Loaded layer 'SeamapTAS_habitats_described'
2021-01-13 17:30:40,030 INFO [org.geoserver] - Loaded coverage store 'SWAN_WaveExposure_Carnarvon', enabled
2021-01-13 17:30:40,031 INFO [org.geoserver] - Loaded coverage 'SWAN_Carnarvon_av', enabled
2021-01-13 17:30:40,032 INFO [org.geoserver] - Loaded layer 'SWAN_Carnarvon_av'
2021-01-13 17:30:40,032 INFO [org.geoserver] - Loaded coverage store 'SWAN_WaveExposure_JervisBay', enabled
2021-01-13 17:30:40,033 INFO [org.geoserver] - Loaded coverage 'SWAN_JervisBay_av', enabled
2021-01-13 17:30:40,033 INFO [org.geoserver] - Loaded layer 'SWAN_JervisBay_av'
2021-01-13 17:30:40,035 INFO [org.geoserver] - Loaded data store 'TERN-ACEF', enabled
2021-01-13 17:30:40,037 INFO [org.geoserver] - Loaded feature type 'ACEAS_seagrass_ALL', enabled
2021-01-13 17:30:40,037 INFO [org.geoserver] - Loaded layer 'ACEAS_seagrass_ALL'
2021-01-13 17:30:40,038 INFO [org.geoserver] - Loaded feature type 'ACEAS_seagrass_NSW', enabled
2021-01-13 17:30:40,038 INFO [org.geoserver] - Loaded layer 'ACEAS_seagrass_NSW'
2021-01-13 17:30:40,039 INFO [org.geoserver] - Loaded feature type 'ACEAS_seagrass_NT', enabled
2021-01-13 17:30:40,039 INFO [org.geoserver] - Loaded layer 'ACEAS_seagrass_NT'
2021-01-13 17:30:40,039 INFO [org.geoserver] - Loaded feature type 'ACEAS_seagrass_QLD', enabled
2021-01-13 17:30:40,039 INFO [org.geoserver] - Loaded layer 'ACEAS_seagrass_QLD'
2021-01-13 17:30:40,040 INFO [org.geoserver] - Loaded feature type 'ACEAS_seagrass_SA', enabled
2021-01-13 17:30:40,040 INFO [org.geoserver] - Loaded layer 'ACEAS_seagrass_SA'
2021-01-13 17:30:40,041 INFO [org.geoserver] - Loaded feature type 'ACEAS_seagrass_TAS', enabled
2021-01-13 17:30:40,041 INFO [org.geoserver] - Loaded layer 'ACEAS_seagrass_TAS'
2021-01-13 17:30:40,041 INFO [org.geoserver] - Loaded feature type 'ACEAS_seagrass_VIC', enabled
2021-01-13 17:30:40,041 INFO [org.geoserver] - Loaded layer 'ACEAS_seagrass_VIC'
2021-01-13 17:30:40,042 INFO [org.geoserver] - Loaded feature type 'ACEAS_seagrass_WA', enabled
2021-01-13 17:30:40,042 INFO [org.geoserver] - Loaded layer 'ACEAS_seagrass_WA'
2021-01-13 17:30:40,043 INFO [org.geoserver] - Loaded feature type 'AU_seagrass05_POLY', enabled
2021-01-13 17:30:40,043 INFO [org.geoserver] - Loaded layer 'AU_seagrass05_POLY'
2021-01-13 17:30:40,043 INFO [org.geoserver] - Loaded feature type 'AU_seagrass05_PT', enabled
2021-01-13 17:30:40,044 INFO [org.geoserver] - Loaded layer 'AU_seagrass05_PT'
2021-01-13 17:30:40,044 INFO [org.geoserver] - Loaded feature type 'WA_seagrass_Beaufort_2009_sites', enabled
2021-01-13 17:30:40,045 INFO [org.geoserver] - Loaded layer 'WA_seagrass_Beaufort_2009_sites'
2021-01-13 17:30:40,046 INFO [org.geoserver] - Loaded feature type 'WA_seagrass_Leschenault_2009_sites', enabled
2021-01-13 17:30:40,046 INFO [org.geoserver] - Loaded layer 'WA_seagrass_Leschenault_2009_sites'
2021-01-13 17:30:40,047 INFO [org.geoserver] - Loaded feature type 'WA_seagrass_StokesInlet_2009_sites', enabled
2021-01-13 17:30:40,047 INFO [org.geoserver] - Loaded layer 'WA_seagrass_StokesInlet_2009_sites'
2021-01-13 17:30:40,049 INFO [org.geoserver] - Loaded feature type 'WA_seagrass_SwanCanning_2011_transects', enabled
2021-01-13 17:30:40,049 INFO [org.geoserver] - Loaded layer 'WA_seagrass_SwanCanning_2011_transects'
2021-01-13 17:30:40,050 INFO [org.geoserver] - Loaded feature type 'WA_seagrass_Walpole_Nornalup_2009_sites', enabled
2021-01-13 17:30:40,050 INFO [org.geoserver] - Loaded layer 'WA_seagrass_Walpole_Nornalup_2009_sites'
2021-01-13 17:30:40,051 INFO [org.geoserver] - Loaded feature type 'WA_seagrass_WellsteadEstuary_2009_sites', enabled
2021-01-13 17:30:40,051 INFO [org.geoserver] - Loaded layer 'WA_seagrass_WellsteadEstuary_2009_sites'
2021-01-13 17:30:40,052 INFO [org.geoserver] - Loaded feature type 'WA_seagrass_WilsonInlet_2007_sites', enabled
2021-01-13 17:30:40,052 INFO [org.geoserver] - Loaded layer 'WA_seagrass_WilsonInlet_2007_sites'
2021-01-13 17:30:40,053 INFO [org.geoserver] - Loaded feature type 'WA_seagrass_WilsonInlet_2008_sites', enabled
2021-01-13 17:30:40,053 INFO [org.geoserver] - Loaded layer 'WA_seagrass_WilsonInlet_2008_sites'
2021-01-13 17:30:40,218 INFO [org.geoserver] - Loaded service 'WCSInfoImpl--21071077:14b33c29d5b:-7ff9', enabled
2021-01-13 17:30:40,220 INFO [org.geoserver] - Loaded service 'WMTSInfoImpl--603629f4:1697c2be67f:-7ffd', enabled
2021-01-13 17:30:40,229 INFO [org.geoserver] - Loaded service 'WMSInfoImpl--21071077:14b33c29d5b:-7ff7', enabled
2021-01-13 17:30:40,241 INFO [org.geoserver] - Loaded service 'WFSInfoImpl--21071077:14b33c29d5b:-7ff8', enabled
2021-01-13 17:30:40,256 INFO [org.geoserver] - Loaded service 'WMSInfoImpl--182e70b4:167ba155ed4:3375', enabled
2021-01-13 17:30:40,259 INFO [org.geoserver] - Loaded service 'WFSInfoImpl--182e70b4:167ba155ed4:3373', enabled
2021-01-13 17:30:40,289 INFO [config.GeoserverXMLResourceProvider] - Will look for 'geowebcache.xml' in directory '/opt/imas-webapps/geoserver/gwc'.
2021-01-13 17:30:40,367 INFO [config.GeoserverXMLResourceProvider] - Found configuration file in gwc
2021-01-13 17:30:40,367 INFO [config.GeoserverXMLResourceProvider] - Found configuration file in gwc
2021-01-13 17:30:40,367 INFO [config.GeoserverXMLResourceProvider] - Found configuration file in gwc
2021-01-13 17:30:40,396 WARN [config.XMLConfiguration] - ********************************************************************************
2021-01-13 17:30:40,396 WARN [config.XMLConfiguration] - *** GWC configuration validation error: cvc-elt.1: Cannot find the declaration of element 'gwcConfiguration'.
2021-01-13 17:30:40,396 WARN [config.XMLConfiguration] - *** Will try to use configuration anyway. Please check the order of declared elements against the schema.
2021-01-13 17:30:40,396 WARN [config.XMLConfiguration] - ********************************************************************************
2021-01-13 17:30:40,430 INFO [config.XMLConfiguration] - Initializing GridSets from gwc
2021-01-13 17:30:40,431 INFO [config.XMLConfiguration] - Initializing layers from gwc
2021-01-13 17:30:40,464 INFO [gwc.layer] - Initializing GWC configuration based on GeoServer's Catalog
2021-01-13 17:30:40,464 INFO [gwc.layer] - GeoServer TileLayer store base directory is: gwc-layers
2021-01-13 17:30:40,464 INFO [gwc.layer] - Loading tile layers from gwc-layers
2021-01-13 17:30:40,470 INFO [storage.BlobStoreAggregator] - BlobStoreConfiguration gwc contained no blob store infos.
2021-01-13 17:30:40,474 INFO [storage.DefaultStorageFinder] - ******************************************************************************************************************************
2021-01-13 17:30:40,474 INFO [storage.DefaultStorageFinder] - *** Found Java environment variable GEOSERVER_DATA_DIR set to /opt/imas-webapps/geoserver, using it as the default prefix. ***
2021-01-13 17:30:40,474 INFO [storage.DefaultStorageFinder] - ******************************************************************************************************************************
2021-01-13 17:30:40,525 INFO [gwc.config] - Initializing GeoServer specific GWC configuration from gwc-gs.xml
2021-01-13 17:30:40,572 INFO [geoserver.flow] - Control-flow inactive, there are no configured rules
2021-01-13 17:30:40,611 WARN [wms.NcwmsConfig] - Could not open config file '/opt/imas-webapps/geoserver/ncwms.xml': '/opt/imas-webapps/geoserver/ncwms.xml (No such file or directory) Nested exception: /opt/imas-webapps/geoserver/ncwms.xml (No such file or directory)'
2021-01-13 17:30:40,612 WARN [wms.NcwmsConfig] - Could not read '/opt/imas-webapps/geoserver/ncwms.xml' as an xml document: '/opt/imas-webapps/geoserver/ncwms.xml (No such file or directory) Nested exception: /opt/imas-webapps/geoserver/ncwms.xml (No such file or directory)'
2021-01-13 17:30:40,656 INFO [config.GeoserverXMLResourceProvider] - Will look for 'geowebcache-diskquota.xml' in directory '/opt/imas-webapps/geoserver/gwc'.
2021-01-13 17:30:40,660 INFO [config.GeoserverXMLResourceProvider] - Will look for 'geowebcache-diskquota-jdbc.xml' in directory '/opt/imas-webapps/geoserver/gwc'.
2021-01-13 17:30:40,662 INFO [diskquota.ConfigLoader] - DiskQuota configuration is not readable: gwc/geowebcache-diskquota.xml
2021-01-13 17:30:40,667 INFO [diskquota.ConfigLoader] - DiskQuota configuration is not readable: gwc/geowebcache-diskquota.xml
2021-01-13 17:30:40,667 INFO [diskquota.DiskQuotaMonitor] - Setting up disk quota periodic enforcement task
2021-01-13 17:30:40,667 INFO [diskquota.DiskQuotaMonitor] - 0 layers configured with their own quotas. 
2021-01-13 17:30:40,671 INFO [diskquota.DiskQuotaMonitor] - 0 layers attached to global quota 500.0 MB
2021-01-13 17:30:40,677 INFO [diskquota.DiskQuotaMonitor] - Disk quota periodic enforcement task set up every 10 SECONDS
2021-01-13 17:30:40,916 INFO [geowebcache.GeoWebCacheDispatcher] - Invoked setServletPrefix(gwc)
2021-01-13 17:30:40,928 INFO [georss.GeoRSSPoller] - Initializing GeoRSS poller in a background job...
2021-01-13 17:30:40,930 INFO [georss.GeoRSSPoller] - No enabled GeoRSS feeds found, poller will not run.
2021-01-13 17:30:40,990 INFO [wms.WMSService] - Will NOT recombine tiles for non-tiling clients.
2021-01-13 17:30:40,990 INFO [wms.WMSService] - Will proxy requests to backend that are not getmap or getcapabilities.
2021-01-13 17:30:44,819 WARN [gce.imagemosaic] - Unable to set ordering between tiff readers spi
2021-01-13 17:30:46,049 WARN [geoserver.security] - security/masterpw.info is a security risk. Please read this file and remove it afterward
2021-01-13 17:30:46,155 INFO [geoserver.security] - Start reloading user/groups for service named default
2021-01-13 17:30:46,158 INFO [geoserver.security] - Reloading user/groups successful for service named default
2021-01-13 17:30:46,244 INFO [geoserver.security] - AuthenticationCache Initialized with 1000 Max Entries, 300 seconds idle time, 600 seconds time to live and 3 concurrency level
2021-01-13 17:30:46,244 INFO [geoserver.security] - AuthenticationCache Eviction Task created to run every 600 seconds
